<?xml version="1.0" encoding="UTF-8"?>
<testsuite name="ru.egalvi.problem.persistance.integration.EntityMappingIntegrationTests" tests="4" skipped="0" failures="0" errors="0" timestamp="2014-09-16T13:49:49" hostname="EPRUPETW0419" time="2.083">
  <properties/>
  <testcase name="solutionMapping" classname="ru.egalvi.problem.persistance.integration.EntityMappingIntegrationTests" time="2.051"/>
  <testcase name="problemMapping" classname="ru.egalvi.problem.persistance.integration.EntityMappingIntegrationTests" time="0.011"/>
  <testcase name="categoryMapping" classname="ru.egalvi.problem.persistance.integration.EntityMappingIntegrationTests" time="0.012"/>
  <testcase name="disciplineMapping" classname="ru.egalvi.problem.persistance.integration.EntityMappingIntegrationTests" time="0.009"/>
  <system-out><![CDATA[DEBUG - SpringJUnit4ClassRunner    - SpringJUnit4ClassRunner constructor called with [class ru.egalvi.problem.persistance.integration.EntityMappingIntegrationTests].
DEBUG - legatingSmartContextLoader - Delegating to AnnotationConfigContextLoader to process context configuration [ContextConfigurationAttributes@492c04b1 declaringClass = 'ru.egalvi.problem.persistance.integration.EntityMappingIntegrationTests', locations = '{}', classes = '{class ru.egalvi.problem.config.JPAConfiguration}', inheritLocations = true, initializers = '{}', inheritInitializers = true, name = [null], contextLoaderClass = 'org.springframework.test.context.ContextLoader'].
DEBUG - ContextLoaderUtils         - Could not find an 'annotation declaring class' for annotation type [org.springframework.test.context.ActiveProfiles] and class [ru.egalvi.problem.persistance.integration.EntityMappingIntegrationTests]
DEBUG - TestContextManager         - @TestExecutionListeners is not present for class [class ru.egalvi.problem.persistance.integration.EntityMappingIntegrationTests]: using defaults.
DEBUG - ProfileValueUtils          - Retrieved @ProfileValueSourceConfiguration [null] for test class [ru.egalvi.problem.persistance.integration.EntityMappingIntegrationTests]
DEBUG - ProfileValueUtils          - Retrieved ProfileValueSource type [class org.springframework.test.annotation.SystemProfileValueSource] for class [ru.egalvi.problem.persistance.integration.EntityMappingIntegrationTests]
DEBUG - ProfileValueUtils          - Retrieved @ProfileValueSourceConfiguration [null] for test class [ru.egalvi.problem.persistance.integration.EntityMappingIntegrationTests]
DEBUG - ProfileValueUtils          - Retrieved ProfileValueSource type [class org.springframework.test.annotation.SystemProfileValueSource] for class [ru.egalvi.problem.persistance.integration.EntityMappingIntegrationTests]
DEBUG - ProfileValueUtils          - Retrieved @ProfileValueSourceConfiguration [null] for test class [ru.egalvi.problem.persistance.integration.EntityMappingIntegrationTests]
DEBUG - ProfileValueUtils          - Retrieved ProfileValueSource type [class org.springframework.test.annotation.SystemProfileValueSource] for class [ru.egalvi.problem.persistance.integration.EntityMappingIntegrationTests]
DEBUG - ProfileValueUtils          - Retrieved @ProfileValueSourceConfiguration [null] for test class [ru.egalvi.problem.persistance.integration.EntityMappingIntegrationTests]
DEBUG - ProfileValueUtils          - Retrieved ProfileValueSource type [class org.springframework.test.annotation.SystemProfileValueSource] for class [ru.egalvi.problem.persistance.integration.EntityMappingIntegrationTests]
DEBUG - legatingSmartContextLoader - Delegating to AnnotationConfigContextLoader to load context from [MergedContextConfiguration@7d651733 testClass = EntityMappingIntegrationTests, locations = '{}', classes = '{class ru.egalvi.problem.config.JPAConfiguration}', contextInitializerClasses = '[]', activeProfiles = '{}', contextLoader = 'org.springframework.test.context.support.DelegatingSmartContextLoader', parent = [null]].
DEBUG - stractGenericContextLoader - Loading ApplicationContext for merged context configuration [[MergedContextConfiguration@7d651733 testClass = EntityMappingIntegrationTests, locations = '{}', classes = '{class ru.egalvi.problem.config.JPAConfiguration}', contextInitializerClasses = '[]', activeProfiles = '{}', contextLoader = 'org.springframework.test.context.support.DelegatingSmartContextLoader', parent = [null]]].
DEBUG - StandardEnvironment        - Initializing new StandardEnvironment
DEBUG - StandardEnvironment        - Adding [systemProperties] PropertySource with lowest search precedence
DEBUG - StandardEnvironment        - Adding [systemEnvironment] PropertySource with lowest search precedence
DEBUG - StandardEnvironment        - Initialized StandardEnvironment with PropertySources [systemProperties,systemEnvironment]
DEBUG - otationConfigContextLoader - Registering annotated classes: {class ru.egalvi.problem.config.JPAConfiguration}
INFO  - GenericApplicationContext  - Refreshing org.springframework.context.support.GenericApplicationContext@47dce809: startup date [Tue Sep 16 17:49:49 MSK 2014]; root of context hierarchy
DEBUG - GenericApplicationContext  - Bean factory for org.springframework.context.support.GenericApplicationContext@47dce809: org.springframework.beans.factory.support.DefaultListableBeanFactory@7066e9c0: defining beans [org.springframework.context.annotation.internalConfigurationAnnotationProcessor,org.springframework.context.annotation.internalAutowiredAnnotationProcessor,org.springframework.context.annotation.internalRequiredAnnotationProcessor,org.springframework.context.annotation.internalCommonAnnotationProcessor,org.springframework.context.annotation.internalPersistenceAnnotationProcessor,JPAConfiguration]; root of factory hierarchy
DEBUG - DefaultListableBeanFactory - Creating shared instance of singleton bean 'org.springframework.context.annotation.internalConfigurationAnnotationProcessor'
DEBUG - DefaultListableBeanFactory - Creating instance of bean 'org.springframework.context.annotation.internalConfigurationAnnotationProcessor'
DEBUG - DefaultListableBeanFactory - Eagerly caching bean 'org.springframework.context.annotation.internalConfigurationAnnotationProcessor' to allow for resolving potential circular references
DEBUG - DefaultListableBeanFactory - Finished creating instance of bean 'org.springframework.context.annotation.internalConfigurationAnnotationProcessor'
DEBUG - StandardEnvironment        - Initializing new StandardEnvironment
DEBUG - StandardEnvironment        - Adding [systemProperties] PropertySource with lowest search precedence
DEBUG - StandardEnvironment        - Adding [systemEnvironment] PropertySource with lowest search precedence
DEBUG - StandardEnvironment        - Initialized StandardEnvironment with PropertySources [systemProperties,systemEnvironment]
DEBUG - ingResourcePatternResolver - Looking for matching resources in directory tree [D:\Aleksandr_Egorov\Study\StudyProjects\problems_database\problems_app\build\classes\main\ru\egalvi\problem\persistence\repository]
DEBUG - ingResourcePatternResolver - Searching directory [D:\Aleksandr_Egorov\Study\StudyProjects\problems_database\problems_app\build\classes\main\ru\egalvi\problem\persistence\repository] for files matching pattern [D:/Aleksandr_Egorov/Study/StudyProjects/problems_database/problems_app/build/classes/main/ru/egalvi/problem/persistence/repository/**/*.class]
DEBUG - ingResourcePatternResolver - Resolved location pattern [classpath*:ru/egalvi/problem/persistence/repository/**/*.class] to resources [file [D:\Aleksandr_Egorov\Study\StudyProjects\problems_database\problems_app\build\classes\main\ru\egalvi\problem\persistence\repository\CategoryRepository.class], file [D:\Aleksandr_Egorov\Study\StudyProjects\problems_database\problems_app\build\classes\main\ru\egalvi\problem\persistence\repository\DisciplineRepository.class], file [D:\Aleksandr_Egorov\Study\StudyProjects\problems_database\problems_app\build\classes\main\ru\egalvi\problem\persistence\repository\ProblemRepository.class], file [D:\Aleksandr_Egorov\Study\StudyProjects\problems_database\problems_app\build\classes\main\ru\egalvi\problem\persistence\repository\SolutionRepository.class]]
DEBUG - ingResourcePatternResolver - Looking for matching resources in directory tree [D:\Aleksandr_Egorov\Study\StudyProjects\problems_database\problems_app\build\classes\test\ru\egalvi\problem\persistence\service]
DEBUG - ingResourcePatternResolver - Searching directory [D:\Aleksandr_Egorov\Study\StudyProjects\problems_database\problems_app\build\classes\test\ru\egalvi\problem\persistence\service] for files matching pattern [D:/Aleksandr_Egorov/Study/StudyProjects/problems_database/problems_app/build/classes/test/ru/egalvi/problem/persistence/service/**/*.class]
DEBUG - ingResourcePatternResolver - Searching directory [D:\Aleksandr_Egorov\Study\StudyProjects\problems_database\problems_app\build\classes\test\ru\egalvi\problem\persistence\service\impl] for files matching pattern [D:/Aleksandr_Egorov/Study/StudyProjects/problems_database/problems_app/build/classes/test/ru/egalvi/problem/persistence/service/**/*.class]
DEBUG - ingResourcePatternResolver - Looking for matching resources in directory tree [D:\Aleksandr_Egorov\Study\StudyProjects\problems_database\problems_app\build\classes\main\ru\egalvi\problem\persistence\service]
DEBUG - ingResourcePatternResolver - Searching directory [D:\Aleksandr_Egorov\Study\StudyProjects\problems_database\problems_app\build\classes\main\ru\egalvi\problem\persistence\service] for files matching pattern [D:/Aleksandr_Egorov/Study/StudyProjects/problems_database/problems_app/build/classes/main/ru/egalvi/problem/persistence/service/**/*.class]
DEBUG - ingResourcePatternResolver - Searching directory [D:\Aleksandr_Egorov\Study\StudyProjects\problems_database\problems_app\build\classes\main\ru\egalvi\problem\persistence\service\impl] for files matching pattern [D:/Aleksandr_Egorov/Study/StudyProjects/problems_database/problems_app/build/classes/main/ru/egalvi/problem/persistence/service/**/*.class]
DEBUG - ingResourcePatternResolver - Resolved location pattern [classpath*:ru/egalvi/problem/persistence/service/**/*.class] to resources [file [D:\Aleksandr_Egorov\Study\StudyProjects\problems_database\problems_app\build\classes\test\ru\egalvi\problem\persistence\service\impl\RepositoryDisciplineServiceTest$1.class], file [D:\Aleksandr_Egorov\Study\StudyProjects\problems_database\problems_app\build\classes\test\ru\egalvi\problem\persistence\service\impl\RepositoryDisciplineServiceTest.class], file [D:\Aleksandr_Egorov\Study\StudyProjects\problems_database\problems_app\build\classes\main\ru\egalvi\problem\persistence\service\CategoryService.class], file [D:\Aleksandr_Egorov\Study\StudyProjects\problems_database\problems_app\build\classes\main\ru\egalvi\problem\persistence\service\DisciplineService.class], file [D:\Aleksandr_Egorov\Study\StudyProjects\problems_database\problems_app\build\classes\main\ru\egalvi\problem\persistence\service\EntityNotFoundException.class], file [D:\Aleksandr_Egorov\Study\StudyProjects\problems_database\problems_app\build\classes\main\ru\egalvi\problem\persistence\service\impl\RepositoryCategoryService.class], file [D:\Aleksandr_Egorov\Study\StudyProjects\problems_database\problems_app\build\classes\main\ru\egalvi\problem\persistence\service\impl\RepositoryDisciplineService.class], file [D:\Aleksandr_Egorov\Study\StudyProjects\problems_database\problems_app\build\classes\main\ru\egalvi\problem\persistence\service\ProblemService.class], file [D:\Aleksandr_Egorov\Study\StudyProjects\problems_database\problems_app\build\classes\main\ru\egalvi\problem\persistence\service\SolutionService.class]]
DEBUG - sPathBeanDefinitionScanner - Identified candidate component class: file [D:\Aleksandr_Egorov\Study\StudyProjects\problems_database\problems_app\build\classes\main\ru\egalvi\problem\persistence\service\impl\RepositoryDisciplineService.class]
DEBUG - ingResourcePatternResolver - Looking for matching resources in directory tree [D:\Aleksandr_Egorov\Study\StudyProjects\problems_database\problems_app\build\classes\main\ru\egalvi\problem\config]
DEBUG - ingResourcePatternResolver - Searching directory [D:\Aleksandr_Egorov\Study\StudyProjects\problems_database\problems_app\build\classes\main\ru\egalvi\problem\config] for files matching pattern [D:/Aleksandr_Egorov/Study/StudyProjects/problems_database/problems_app/build/classes/main/ru/egalvi/problem/config/**/*.class]
DEBUG - ingResourcePatternResolver - Resolved location pattern [classpath*:ru/egalvi/problem/config/**/*.class] to resources [file [D:\Aleksandr_Egorov\Study\StudyProjects\problems_database\problems_app\build\classes\main\ru\egalvi\problem\config\JPAConfiguration.class], file [D:\Aleksandr_Egorov\Study\StudyProjects\problems_database\problems_app\build\classes\main\ru\egalvi\problem\config\OrikaMappings.class]]
DEBUG - sPathBeanDefinitionScanner - Identified candidate component class: file [D:\Aleksandr_Egorov\Study\StudyProjects\problems_database\problems_app\build\classes\main\ru\egalvi\problem\config\JPAConfiguration.class]
DEBUG - sPathBeanDefinitionScanner - Identified candidate component class: file [D:\Aleksandr_Egorov\Study\StudyProjects\problems_database\problems_app\build\classes\main\ru\egalvi\problem\config\OrikaMappings.class]
DEBUG - StandardEnvironment        - Initializing new StandardEnvironment
DEBUG - StandardEnvironment        - Adding [systemProperties] PropertySource with lowest search precedence
DEBUG - StandardEnvironment        - Adding [systemEnvironment] PropertySource with lowest search precedence
DEBUG - StandardEnvironment        - Initialized StandardEnvironment with PropertySources [systemProperties,systemEnvironment]
DEBUG - ingResourcePatternResolver - Looking for matching resources in directory tree [D:\Aleksandr_Egorov\Study\StudyProjects\problems_database\problems_app\build\classes\main\ru\egalvi\problem\persistence\repository]
DEBUG - ingResourcePatternResolver - Searching directory [D:\Aleksandr_Egorov\Study\StudyProjects\problems_database\problems_app\build\classes\main\ru\egalvi\problem\persistence\repository] for files matching pattern [D:/Aleksandr_Egorov/Study/StudyProjects/problems_database/problems_app/build/classes/main/ru/egalvi/problem/persistence/repository/**/*.class]
DEBUG - ingResourcePatternResolver - Resolved location pattern [classpath*:ru/egalvi/problem/persistence/repository/**/*.class] to resources [file [D:\Aleksandr_Egorov\Study\StudyProjects\problems_database\problems_app\build\classes\main\ru\egalvi\problem\persistence\repository\CategoryRepository.class], file [D:\Aleksandr_Egorov\Study\StudyProjects\problems_database\problems_app\build\classes\main\ru\egalvi\problem\persistence\repository\DisciplineRepository.class], file [D:\Aleksandr_Egorov\Study\StudyProjects\problems_database\problems_app\build\classes\main\ru\egalvi\problem\persistence\repository\ProblemRepository.class], file [D:\Aleksandr_Egorov\Study\StudyProjects\problems_database\problems_app\build\classes\main\ru\egalvi\problem\persistence\repository\SolutionRepository.class]]
DEBUG - epositoryComponentProvider - Identified candidate component class: file [D:\Aleksandr_Egorov\Study\StudyProjects\problems_database\problems_app\build\classes\main\ru\egalvi\problem\persistence\repository\DisciplineRepository.class]
DEBUG - StandardEnvironment        - Initializing new StandardEnvironment
DEBUG - StandardEnvironment        - Adding [systemProperties] PropertySource with lowest search precedence
DEBUG - StandardEnvironment        - Adding [systemEnvironment] PropertySource with lowest search precedence
DEBUG - StandardEnvironment        - Initialized StandardEnvironment with PropertySources [systemProperties,systemEnvironment]
DEBUG - ingResourcePatternResolver - Looking for matching resources in directory tree [D:\Aleksandr_Egorov\Study\StudyProjects\problems_database\problems_app\build\classes\main\ru\egalvi\problem\persistence\repository]
DEBUG - ingResourcePatternResolver - Searching directory [D:\Aleksandr_Egorov\Study\StudyProjects\problems_database\problems_app\build\classes\main\ru\egalvi\problem\persistence\repository] for files matching pattern [D:/Aleksandr_Egorov/Study/StudyProjects/problems_database/problems_app/build/classes/main/ru/egalvi/problem/persistence/repository/**/*.class]
DEBUG - ingResourcePatternResolver - Resolved location pattern [classpath*:ru/egalvi/problem/persistence/repository/**/*.class] to resources [file [D:\Aleksandr_Egorov\Study\StudyProjects\problems_database\problems_app\build\classes\main\ru\egalvi\problem\persistence\repository\CategoryRepository.class], file [D:\Aleksandr_Egorov\Study\StudyProjects\problems_database\problems_app\build\classes\main\ru\egalvi\problem\persistence\repository\DisciplineRepository.class], file [D:\Aleksandr_Egorov\Study\StudyProjects\problems_database\problems_app\build\classes\main\ru\egalvi\problem\persistence\repository\ProblemRepository.class], file [D:\Aleksandr_Egorov\Study\StudyProjects\problems_database\problems_app\build\classes\main\ru\egalvi\problem\persistence\repository\SolutionRepository.class]]
DEBUG - StandardEnvironment        - Adding [class path resource [application.properties]] PropertySource with lowest search precedence
DEBUG - nClassBeanDefinitionReader - Registering bean definition for @Bean method ru.egalvi.problem.config.JPAConfiguration.dataSource()
DEBUG - nClassBeanDefinitionReader - Registering bean definition for @Bean method ru.egalvi.problem.config.JPAConfiguration.entityManager()
DEBUG - nClassBeanDefinitionReader - Registering bean definition for @Bean method ru.egalvi.problem.config.JPAConfiguration.messageSource()
DEBUG - nClassBeanDefinitionReader - Registering bean definition for @Bean method ru.egalvi.problem.config.JPAConfiguration.viewResolver()
DEBUG - nClassBeanDefinitionReader - Registering bean definition for @Bean method ru.egalvi.problem.config.JPAConfiguration.entityManagerFactoryBean()
DEBUG - nClassBeanDefinitionReader - Registering bean definition for @Bean method ru.egalvi.problem.config.JPAConfiguration.transactionManager()
DEBUG - nClassBeanDefinitionReader - Registering bean definition for @Bean method ru.egalvi.problem.config.JPAConfiguration.hibernateExceptionTranslator()
DEBUG - StandardEnvironment        - Initializing new StandardEnvironment
DEBUG - StandardEnvironment        - Adding [systemProperties] PropertySource with lowest search precedence
DEBUG - StandardEnvironment        - Adding [systemEnvironment] PropertySource with lowest search precedence
DEBUG - StandardEnvironment        - Initialized StandardEnvironment with PropertySources [systemProperties,systemEnvironment]
INFO  - XmlBeanDefinitionReader    - Loading XML bean definitions from class path resource [applicationContext.xml]
DEBUG - DefaultDocumentLoader      - Using JAXP provider [com.sun.org.apache.xerces.internal.jaxp.DocumentBuilderFactoryImpl]
DEBUG - PluggableSchemaResolver    - Loading schema mappings from [META-INF/spring.schemas]
DEBUG - PluggableSchemaResolver    - Loaded schema mappings: {http://www.springframework.org/schema/data/jpa/spring-jpa-1.2.xsd=org/springframework/data/jpa/repository/config/spring-jpa-1.2.xsd, http://www.springframework.org/schema/jee/spring-jee-3.2.xsd=org/springframework/ejb/config/spring-jee-3.2.xsd, http://www.springframework.org/schema/util/spring-util.xsd=org/springframework/beans/factory/xml/spring-util-3.2.xsd, http://www.springframework.org/schema/mvc/spring-mvc-3.1.xsd=org/springframework/web/servlet/config/spring-mvc-3.1.xsd, http://www.springframework.org/schema/task/spring-task.xsd=org/springframework/scheduling/config/spring-task-3.2.xsd, http://www.springframework.org/schema/beans/spring-beans-3.1.xsd=org/springframework/beans/factory/xml/spring-beans-3.1.xsd, http://www.springframework.org/schema/cache/spring-cache.xsd=org/springframework/cache/config/spring-cache-3.2.xsd, http://www.springframework.org/schema/aop/spring-aop-3.0.xsd=org/springframework/aop/config/spring-aop-3.0.xsd, http://www.springframework.org/schema/task/spring-task-3.1.xsd=org/springframework/scheduling/config/spring-task-3.1.xsd, http://www.springframework.org/schema/aop/spring-aop-2.0.xsd=org/springframework/aop/config/spring-aop-2.0.xsd, http://www.springframework.org/schema/tool/spring-tool-2.5.xsd=org/springframework/beans/factory/xml/spring-tool-2.5.xsd, http://www.springframework.org/schema/beans/spring-beans.xsd=org/springframework/beans/factory/xml/spring-beans-3.2.xsd, http://www.springframework.org/schema/jee/spring-jee-2.5.xsd=org/springframework/ejb/config/spring-jee-2.5.xsd, http://www.springframework.org/schema/jdbc/spring-jdbc-3.1.xsd=org/springframework/jdbc/config/spring-jdbc-3.1.xsd, http://www.springframework.org/schema/tool/spring-tool-3.1.xsd=org/springframework/beans/factory/xml/spring-tool-3.1.xsd, http://www.springframework.org/schema/data/jpa/spring-jpa-1.1.xsd=org/springframework/data/jpa/repository/config/spring-jpa-1.1.xsd, http://www.springframework.org/schema/jee/spring-jee-3.1.xsd=org/springframework/ejb/config/spring-jee-3.1.xsd, http://www.springframework.org/schema/aop/spring-aop.xsd=org/springframework/aop/config/spring-aop-3.2.xsd, http://www.springframework.org/schema/context/spring-context-3.2.xsd=org/springframework/context/config/spring-context-3.2.xsd, http://www.springframework.org/schema/tx/spring-tx-3.2.xsd=org/springframework/transaction/config/spring-tx-3.2.xsd, http://www.springframework.org/schema/beans/spring-beans-2.0.xsd=org/springframework/beans/factory/xml/spring-beans-2.0.xsd, http://www.springframework.org/schema/util/spring-util-3.2.xsd=org/springframework/beans/factory/xml/spring-util-3.2.xsd, http://www.springframework.org/schema/mvc/spring-mvc-3.0.xsd=org/springframework/web/servlet/config/spring-mvc-3.0.xsd, http://www.springframework.org/schema/lang/spring-lang-3.2.xsd=org/springframework/scripting/config/spring-lang-3.2.xsd, http://www.springframework.org/schema/beans/spring-beans-3.0.xsd=org/springframework/beans/factory/xml/spring-beans-3.0.xsd, http://www.springframework.org/schema/cache/spring-cache-3.2.xsd=org/springframework/cache/config/spring-cache-3.2.xsd, http://www.springframework.org/schema/task/spring-task-3.0.xsd=org/springframework/scheduling/config/spring-task-3.0.xsd, http://www.springframework.org/schema/data/repository/spring-repository-1.5.xsd=org/springframework/data/repository/config/spring-repository-1.5.xsd, http://www.springframework.org/schema/context/spring-context-2.5.xsd=org/springframework/context/config/spring-context-2.5.xsd, http://www.springframework.org/schema/tx/spring-tx-2.5.xsd=org/springframework/transaction/config/spring-tx-2.5.xsd, http://www.springframework.org/schema/jdbc/spring-jdbc-3.0.xsd=org/springframework/jdbc/config/spring-jdbc-3.0.xsd, http://www.springframework.org/schema/tool/spring-tool-3.0.xsd=org/springframework/beans/factory/xml/spring-tool-3.0.xsd, http://www.springframework.org/schema/lang/spring-lang.xsd=org/springframework/scripting/config/spring-lang-3.2.xsd, http://www.springframework.org/schema/tx/spring-tx.xsd=org/springframework/transaction/config/spring-tx-3.2.xsd, http://www.springframework.org/schema/tool/spring-tool-2.0.xsd=org/springframework/beans/factory/xml/spring-tool-2.0.xsd, http://www.springframework.org/schema/util/spring-util-2.5.xsd=org/springframework/beans/factory/xml/spring-util-2.5.xsd, http://www.springframework.org/schema/lang/spring-lang-2.5.xsd=org/springframework/scripting/config/spring-lang-2.5.xsd, http://www.springframework.org/schema/data/jpa/spring-jpa-1.0.xsd=org/springframework/data/jpa/repository/config/spring-jpa-1.0.xsd, http://www.springframework.org/schema/aop/spring-aop-3.2.xsd=org/springframework/aop/config/spring-aop-3.2.xsd, http://www.springframework.org/schema/jee/spring-jee-3.0.xsd=org/springframework/ejb/config/spring-jee-3.0.xsd, http://www.springframework.org/schema/jee/spring-jee-2.0.xsd=org/springframework/ejb/config/spring-jee-2.0.xsd, http://www.springframework.org/schema/context/spring-context-3.1.xsd=org/springframework/context/config/spring-context-3.1.xsd, http://www.springframework.org/schema/tx/spring-tx-3.1.xsd=org/springframework/transaction/config/spring-tx-3.1.xsd, http://www.springframework.org/schema/util/spring-util-3.1.xsd=org/springframework/beans/factory/xml/spring-util-3.1.xsd, http://www.springframework.org/schema/lang/spring-lang-3.1.xsd=org/springframework/scripting/config/spring-lang-3.1.xsd, http://www.springframework.org/schema/cache/spring-cache-3.1.xsd=org/springframework/cache/config/spring-cache-3.1.xsd, http://www.springframework.org/schema/context/spring-context.xsd=org/springframework/context/config/spring-context-3.2.xsd, http://www.springframework.org/schema/jee/spring-jee.xsd=org/springframework/ejb/config/spring-jee-3.2.xsd, http://www.springframework.org/schema/data/jpa/spring-jpa.xsd=org/springframework/data/jpa/repository/config/spring-jpa-1.3.xsd, http://www.springframework.org/schema/data/repository/spring-repository-1.4.xsd=org/springframework/data/repository/config/spring-repository-1.4.xsd, http://www.springframework.org/schema/data/jpa/spring-jpa-1.3.xsd=org/springframework/data/jpa/repository/config/spring-jpa-1.3.xsd, http://www.springframework.org/schema/aop/spring-aop-2.5.xsd=org/springframework/aop/config/spring-aop-2.5.xsd, http://www.springframework.org/schema/data/repository/spring-repository.xsd=org/springframework/data/repository/config/spring-repository-1.5.xsd, http://www.springframework.org/schema/mvc/spring-mvc.xsd=org/springframework/web/servlet/config/spring-mvc-3.2.xsd, http://www.springframework.org/schema/jdbc/spring-jdbc.xsd=org/springframework/jdbc/config/spring-jdbc-3.2.xsd, http://www.springframework.org/schema/mvc/spring-mvc-3.2.xsd=org/springframework/web/servlet/config/spring-mvc-3.2.xsd, http://www.springframework.org/schema/data/repository/spring-repository-1.0.xsd=org/springframework/data/repository/config/spring-repository-1.0.xsd, http://www.springframework.org/schema/beans/spring-beans-3.2.xsd=org/springframework/beans/factory/xml/spring-beans-3.2.xsd, http://www.springframework.org/schema/tx/spring-tx-2.0.xsd=org/springframework/transaction/config/spring-tx-2.0.xsd, http://www.springframework.org/schema/aop/spring-aop-3.1.xsd=org/springframework/aop/config/spring-aop-3.1.xsd, http://www.springframework.org/schema/task/spring-task-3.2.xsd=org/springframework/scheduling/config/spring-task-3.2.xsd, http://www.springframework.org/schema/context/spring-context-3.0.xsd=org/springframework/context/config/spring-context-3.0.xsd, http://www.springframework.org/schema/tx/spring-tx-3.0.xsd=org/springframework/transaction/config/spring-tx-3.0.xsd, http://www.springframework.org/schema/tool/spring-tool.xsd=org/springframework/beans/factory/xml/spring-tool-3.2.xsd, http://www.springframework.org/schema/util/spring-util-3.0.xsd=org/springframework/beans/factory/xml/spring-util-3.0.xsd, http://www.springframework.org/schema/lang/spring-lang-3.0.xsd=org/springframework/scripting/config/spring-lang-3.0.xsd, http://www.springframework.org/schema/util/spring-util-2.0.xsd=org/springframework/beans/factory/xml/spring-util-2.0.xsd, http://www.springframework.org/schema/lang/spring-lang-2.0.xsd=org/springframework/scripting/config/spring-lang-2.0.xsd, http://www.springframework.org/schema/jdbc/spring-jdbc-3.2.xsd=org/springframework/jdbc/config/spring-jdbc-3.2.xsd, http://www.springframework.org/schema/tool/spring-tool-3.2.xsd=org/springframework/beans/factory/xml/spring-tool-3.2.xsd, http://www.springframework.org/schema/beans/spring-beans-2.5.xsd=org/springframework/beans/factory/xml/spring-beans-2.5.xsd}
DEBUG - PluggableSchemaResolver    - Found XML schema [http://www.springframework.org/schema/beans/spring-beans-3.1.xsd] in classpath: org/springframework/beans/factory/xml/spring-beans-3.1.xsd
DEBUG - PluggableSchemaResolver    - Found XML schema [http://www.springframework.org/schema/mvc/spring-mvc-3.1.xsd] in classpath: org/springframework/web/servlet/config/spring-mvc-3.1.xsd
DEBUG - PluggableSchemaResolver    - Found XML schema [http://www.springframework.org/schema/tool/spring-tool-3.1.xsd] in classpath: org/springframework/beans/factory/xml/spring-tool-3.1.xsd
DEBUG - PluggableSchemaResolver    - Found XML schema [http://www.springframework.org/schema/data/jpa/spring-jpa-1.0.xsd] in classpath: org/springframework/data/jpa/repository/config/spring-jpa-1.0.xsd
DEBUG - PluggableSchemaResolver    - Found XML schema [http://www.springframework.org/schema/data/repository/spring-repository-1.0.xsd] in classpath: org/springframework/data/repository/config/spring-repository-1.0.xsd
DEBUG - PluggableSchemaResolver    - Found XML schema [http://www.springframework.org/schema/context/spring-context.xsd] in classpath: org/springframework/context/config/spring-context-3.2.xsd
DEBUG - anDefinitionDocumentReader - Loading bean definitions
DEBUG - ltNamespaceHandlerResolver - Loaded NamespaceHandler mappings: {http://www.springframework.org/schema/p=org.springframework.beans.factory.xml.SimplePropertyNamespaceHandler, http://www.springframework.org/schema/mvc=org.springframework.web.servlet.config.MvcNamespaceHandler, http://www.springframework.org/schema/util=org.springframework.beans.factory.xml.UtilNamespaceHandler, http://www.springframework.org/schema/jee=org.springframework.ejb.config.JeeNamespaceHandler, http://www.springframework.org/schema/aop=org.springframework.aop.config.AopNamespaceHandler, http://www.springframework.org/schema/data/repository=org.springframework.data.repository.config.RepositoryNameSpaceHandler, http://www.springframework.org/schema/jdbc=org.springframework.jdbc.config.JdbcNamespaceHandler, http://www.springframework.org/schema/data/jpa=org.springframework.data.jpa.repository.config.JpaRepositoryNameSpaceHandler, http://www.springframework.org/schema/cache=org.springframework.cache.config.CacheNamespaceHandler, http://www.springframework.org/schema/c=org.springframework.beans.factory.xml.SimpleConstructorNamespaceHandler, http://www.springframework.org/schema/tx=org.springframework.transaction.config.TxNamespaceHandler, http://www.springframework.org/schema/task=org.springframework.scheduling.config.TaskNamespaceHandler, http://www.springframework.org/schema/lang=org.springframework.scripting.config.LangNamespaceHandler, http://www.springframework.org/schema/context=org.springframework.context.config.ContextNamespaceHandler}
DEBUG - StandardEnvironment        - Initializing new StandardEnvironment
DEBUG - StandardEnvironment        - Adding [systemProperties] PropertySource with lowest search precedence
DEBUG - StandardEnvironment        - Adding [systemEnvironment] PropertySource with lowest search precedence
DEBUG - StandardEnvironment        - Initialized StandardEnvironment with PropertySources [systemProperties,systemEnvironment]
DEBUG - ingResourcePatternResolver - Looking for matching resources in directory tree [D:\Aleksandr_Egorov\Study\StudyProjects\problems_database\problems_app\build\classes\main\ru\egalvi\problem\persistence\repository]
DEBUG - ingResourcePatternResolver - Searching directory [D:\Aleksandr_Egorov\Study\StudyProjects\problems_database\problems_app\build\classes\main\ru\egalvi\problem\persistence\repository] for files matching pattern [D:/Aleksandr_Egorov/Study/StudyProjects/problems_database/problems_app/build/classes/main/ru/egalvi/problem/persistence/repository/**/*.class]
DEBUG - ingResourcePatternResolver - Resolved location pattern [classpath*:ru/egalvi/problem/persistence/repository/**/*.class] to resources [file [D:\Aleksandr_Egorov\Study\StudyProjects\problems_database\problems_app\build\classes\main\ru\egalvi\problem\persistence\repository\CategoryRepository.class], file [D:\Aleksandr_Egorov\Study\StudyProjects\problems_database\problems_app\build\classes\main\ru\egalvi\problem\persistence\repository\DisciplineRepository.class], file [D:\Aleksandr_Egorov\Study\StudyProjects\problems_database\problems_app\build\classes\main\ru\egalvi\problem\persistence\repository\ProblemRepository.class], file [D:\Aleksandr_Egorov\Study\StudyProjects\problems_database\problems_app\build\classes\main\ru\egalvi\problem\persistence\repository\SolutionRepository.class]]
DEBUG - epositoryComponentProvider - Identified candidate component class: file [D:\Aleksandr_Egorov\Study\StudyProjects\problems_database\problems_app\build\classes\main\ru\egalvi\problem\persistence\repository\CategoryRepository.class]
DEBUG - epositoryComponentProvider - Identified candidate component class: file [D:\Aleksandr_Egorov\Study\StudyProjects\problems_database\problems_app\build\classes\main\ru\egalvi\problem\persistence\repository\DisciplineRepository.class]
DEBUG - epositoryComponentProvider - Identified candidate component class: file [D:\Aleksandr_Egorov\Study\StudyProjects\problems_database\problems_app\build\classes\main\ru\egalvi\problem\persistence\repository\ProblemRepository.class]
DEBUG - epositoryComponentProvider - Identified candidate component class: file [D:\Aleksandr_Egorov\Study\StudyProjects\problems_database\problems_app\build\classes\main\ru\egalvi\problem\persistence\repository\SolutionRepository.class]
DEBUG - StandardEnvironment        - Initializing new StandardEnvironment
DEBUG - StandardEnvironment        - Adding [systemProperties] PropertySource with lowest search precedence
DEBUG - StandardEnvironment        - Adding [systemEnvironment] PropertySource with lowest search precedence
DEBUG - StandardEnvironment        - Initialized StandardEnvironment with PropertySources [systemProperties,systemEnvironment]
DEBUG - ingResourcePatternResolver - Looking for matching resources in directory tree [D:\Aleksandr_Egorov\Study\StudyProjects\problems_database\problems_app\build\classes\main\ru\egalvi\problem\persistence\repository]
DEBUG - ingResourcePatternResolver - Searching directory [D:\Aleksandr_Egorov\Study\StudyProjects\problems_database\problems_app\build\classes\main\ru\egalvi\problem\persistence\repository] for files matching pattern [D:/Aleksandr_Egorov/Study/StudyProjects/problems_database/problems_app/build/classes/main/ru/egalvi/problem/persistence/repository/**/*.class]
DEBUG - ingResourcePatternResolver - Resolved location pattern [classpath*:ru/egalvi/problem/persistence/repository/**/*.class] to resources [file [D:\Aleksandr_Egorov\Study\StudyProjects\problems_database\problems_app\build\classes\main\ru\egalvi\problem\persistence\repository\CategoryRepository.class], file [D:\Aleksandr_Egorov\Study\StudyProjects\problems_database\problems_app\build\classes\main\ru\egalvi\problem\persistence\repository\DisciplineRepository.class], file [D:\Aleksandr_Egorov\Study\StudyProjects\problems_database\problems_app\build\classes\main\ru\egalvi\problem\persistence\repository\ProblemRepository.class], file [D:\Aleksandr_Egorov\Study\StudyProjects\problems_database\problems_app\build\classes\main\ru\egalvi\problem\persistence\repository\SolutionRepository.class]]
DEBUG - sitoryBeanDefinitionParser - Registering repository: categoryRepository - Interface: ru.egalvi.problem.persistence.repository.CategoryRepository - Factory: org.springframework.data.jpa.repository.support.JpaRepositoryFactoryBean
DEBUG - StandardEnvironment        - Initializing new StandardEnvironment
DEBUG - StandardEnvironment        - Adding [systemProperties] PropertySource with lowest search precedence
DEBUG - StandardEnvironment        - Adding [systemEnvironment] PropertySource with lowest search precedence
DEBUG - StandardEnvironment        - Initialized StandardEnvironment with PropertySources [systemProperties,systemEnvironment]
DEBUG - ingResourcePatternResolver - Looking for matching resources in directory tree [D:\Aleksandr_Egorov\Study\StudyProjects\problems_database\problems_app\build\classes\main\ru\egalvi\problem\persistence\repository]
DEBUG - ingResourcePatternResolver - Searching directory [D:\Aleksandr_Egorov\Study\StudyProjects\problems_database\problems_app\build\classes\main\ru\egalvi\problem\persistence\repository] for files matching pattern [D:/Aleksandr_Egorov/Study/StudyProjects/problems_database/problems_app/build/classes/main/ru/egalvi/problem/persistence/repository/**/*.class]
DEBUG - ingResourcePatternResolver - Resolved location pattern [classpath*:ru/egalvi/problem/persistence/repository/**/*.class] to resources [file [D:\Aleksandr_Egorov\Study\StudyProjects\problems_database\problems_app\build\classes\main\ru\egalvi\problem\persistence\repository\CategoryRepository.class], file [D:\Aleksandr_Egorov\Study\StudyProjects\problems_database\problems_app\build\classes\main\ru\egalvi\problem\persistence\repository\DisciplineRepository.class], file [D:\Aleksandr_Egorov\Study\StudyProjects\problems_database\problems_app\build\classes\main\ru\egalvi\problem\persistence\repository\ProblemRepository.class], file [D:\Aleksandr_Egorov\Study\StudyProjects\problems_database\problems_app\build\classes\main\ru\egalvi\problem\persistence\repository\SolutionRepository.class]]
DEBUG - sitoryBeanDefinitionParser - Registering repository: disciplineRepository - Interface: ru.egalvi.problem.persistence.repository.DisciplineRepository - Factory: org.springframework.data.jpa.repository.support.JpaRepositoryFactoryBean
INFO  - DefaultListableBeanFactory - Overriding bean definition for bean 'disciplineRepository': replacing [Root bean: class [org.springframework.data.jpa.repository.support.JpaRepositoryFactoryBean]; scope=; abstract=false; lazyInit=false; autowireMode=0; dependencyCheck=0; autowireCandidate=true; primary=false; factoryBeanName=null; factoryMethodName=null; initMethodName=null; destroyMethodName=null] with [Root bean: class [org.springframework.data.jpa.repository.support.JpaRepositoryFactoryBean]; scope=; abstract=false; lazyInit=false; autowireMode=0; dependencyCheck=0; autowireCandidate=true; primary=false; factoryBeanName=null; factoryMethodName=null; initMethodName=null; destroyMethodName=null]
DEBUG - StandardEnvironment        - Initializing new StandardEnvironment
DEBUG - StandardEnvironment        - Adding [systemProperties] PropertySource with lowest search precedence
DEBUG - StandardEnvironment        - Adding [systemEnvironment] PropertySource with lowest search precedence
DEBUG - StandardEnvironment        - Initialized StandardEnvironment with PropertySources [systemProperties,systemEnvironment]
DEBUG - ingResourcePatternResolver - Looking for matching resources in directory tree [D:\Aleksandr_Egorov\Study\StudyProjects\problems_database\problems_app\build\classes\main\ru\egalvi\problem\persistence\repository]
DEBUG - ingResourcePatternResolver - Searching directory [D:\Aleksandr_Egorov\Study\StudyProjects\problems_database\problems_app\build\classes\main\ru\egalvi\problem\persistence\repository] for files matching pattern [D:/Aleksandr_Egorov/Study/StudyProjects/problems_database/problems_app/build/classes/main/ru/egalvi/problem/persistence/repository/**/*.class]
DEBUG - ingResourcePatternResolver - Resolved location pattern [classpath*:ru/egalvi/problem/persistence/repository/**/*.class] to resources [file [D:\Aleksandr_Egorov\Study\StudyProjects\problems_database\problems_app\build\classes\main\ru\egalvi\problem\persistence\repository\CategoryRepository.class], file [D:\Aleksandr_Egorov\Study\StudyProjects\problems_database\problems_app\build\classes\main\ru\egalvi\problem\persistence\repository\DisciplineRepository.class], file [D:\Aleksandr_Egorov\Study\StudyProjects\problems_database\problems_app\build\classes\main\ru\egalvi\problem\persistence\repository\ProblemRepository.class], file [D:\Aleksandr_Egorov\Study\StudyProjects\problems_database\problems_app\build\classes\main\ru\egalvi\problem\persistence\repository\SolutionRepository.class]]
DEBUG - sitoryBeanDefinitionParser - Registering repository: solutionRepository - Interface: ru.egalvi.problem.persistence.repository.SolutionRepository - Factory: org.springframework.data.jpa.repository.support.JpaRepositoryFactoryBean
DEBUG - StandardEnvironment        - Initializing new StandardEnvironment
DEBUG - StandardEnvironment        - Adding [systemProperties] PropertySource with lowest search precedence
DEBUG - StandardEnvironment        - Adding [systemEnvironment] PropertySource with lowest search precedence
DEBUG - StandardEnvironment        - Initialized StandardEnvironment with PropertySources [systemProperties,systemEnvironment]
DEBUG - ingResourcePatternResolver - Looking for matching resources in directory tree [D:\Aleksandr_Egorov\Study\StudyProjects\problems_database\problems_app\build\classes\main\ru\egalvi\problem\persistence\repository]
DEBUG - ingResourcePatternResolver - Searching directory [D:\Aleksandr_Egorov\Study\StudyProjects\problems_database\problems_app\build\classes\main\ru\egalvi\problem\persistence\repository] for files matching pattern [D:/Aleksandr_Egorov/Study/StudyProjects/problems_database/problems_app/build/classes/main/ru/egalvi/problem/persistence/repository/**/*.class]
DEBUG - ingResourcePatternResolver - Resolved location pattern [classpath*:ru/egalvi/problem/persistence/repository/**/*.class] to resources [file [D:\Aleksandr_Egorov\Study\StudyProjects\problems_database\problems_app\build\classes\main\ru\egalvi\problem\persistence\repository\CategoryRepository.class], file [D:\Aleksandr_Egorov\Study\StudyProjects\problems_database\problems_app\build\classes\main\ru\egalvi\problem\persistence\repository\DisciplineRepository.class], file [D:\Aleksandr_Egorov\Study\StudyProjects\problems_database\problems_app\build\classes\main\ru\egalvi\problem\persistence\repository\ProblemRepository.class], file [D:\Aleksandr_Egorov\Study\StudyProjects\problems_database\problems_app\build\classes\main\ru\egalvi\problem\persistence\repository\SolutionRepository.class]]
DEBUG - sitoryBeanDefinitionParser - Registering repository: problemRepository - Interface: ru.egalvi.problem.persistence.repository.ProblemRepository - Factory: org.springframework.data.jpa.repository.support.JpaRepositoryFactoryBean
DEBUG - XmlBeanDefinitionReader    - Loaded 11 bean definitions from location pattern [classpath:applicationContext.xml]
DEBUG - ConfigurationClassEnhancer - Successfully enhanced ru.egalvi.problem.config.JPAConfiguration; enhanced class name is: ru.egalvi.problem.config.JPAConfiguration$$EnhancerByCGLIB$$e4c9bec2
DEBUG - gurationClassPostProcessor - Replacing bean definition 'JPAConfiguration' existing class name 'ru.egalvi.problem.config.JPAConfiguration' with enhanced class name 'ru.egalvi.problem.config.JPAConfiguration$$EnhancerByCGLIB$$e4c9bec2'
DEBUG - DefaultListableBeanFactory - Creating shared instance of singleton bean 'org.springframework.context.annotation.internalAutowiredAnnotationProcessor'
DEBUG - DefaultListableBeanFactory - Creating instance of bean 'org.springframework.context.annotation.internalAutowiredAnnotationProcessor'
DEBUG - DefaultListableBeanFactory - Eagerly caching bean 'org.springframework.context.annotation.internalAutowiredAnnotationProcessor' to allow for resolving potential circular references
DEBUG - DefaultListableBeanFactory - Finished creating instance of bean 'org.springframework.context.annotation.internalAutowiredAnnotationProcessor'
DEBUG - DefaultListableBeanFactory - Creating shared instance of singleton bean 'org.springframework.context.annotation.internalRequiredAnnotationProcessor'
DEBUG - DefaultListableBeanFactory - Creating instance of bean 'org.springframework.context.annotation.internalRequiredAnnotationProcessor'
DEBUG - DefaultListableBeanFactory - Eagerly caching bean 'org.springframework.context.annotation.internalRequiredAnnotationProcessor' to allow for resolving potential circular references
DEBUG - DefaultListableBeanFactory - Finished creating instance of bean 'org.springframework.context.annotation.internalRequiredAnnotationProcessor'
DEBUG - DefaultListableBeanFactory - Creating shared instance of singleton bean 'org.springframework.context.annotation.internalCommonAnnotationProcessor'
DEBUG - DefaultListableBeanFactory - Creating instance of bean 'org.springframework.context.annotation.internalCommonAnnotationProcessor'
DEBUG - DefaultListableBeanFactory - Eagerly caching bean 'org.springframework.context.annotation.internalCommonAnnotationProcessor' to allow for resolving potential circular references
DEBUG - DefaultListableBeanFactory - Finished creating instance of bean 'org.springframework.context.annotation.internalCommonAnnotationProcessor'
DEBUG - DefaultListableBeanFactory - Creating shared instance of singleton bean 'org.springframework.context.annotation.internalPersistenceAnnotationProcessor'
DEBUG - DefaultListableBeanFactory - Creating instance of bean 'org.springframework.context.annotation.internalPersistenceAnnotationProcessor'
DEBUG - DefaultListableBeanFactory - Eagerly caching bean 'org.springframework.context.annotation.internalPersistenceAnnotationProcessor' to allow for resolving potential circular references
DEBUG - DefaultListableBeanFactory - Finished creating instance of bean 'org.springframework.context.annotation.internalPersistenceAnnotationProcessor'
DEBUG - DefaultListableBeanFactory - Creating shared instance of singleton bean 'org.springframework.context.annotation.ConfigurationClassPostProcessor.importAwareProcessor'
DEBUG - DefaultListableBeanFactory - Creating instance of bean 'org.springframework.context.annotation.ConfigurationClassPostProcessor.importAwareProcessor'
DEBUG - DefaultListableBeanFactory - Eagerly caching bean 'org.springframework.context.annotation.ConfigurationClassPostProcessor.importAwareProcessor' to allow for resolving potential circular references
DEBUG - DefaultListableBeanFactory - Finished creating instance of bean 'org.springframework.context.annotation.ConfigurationClassPostProcessor.importAwareProcessor'
DEBUG - DefaultListableBeanFactory - Creating shared instance of singleton bean 'org.springframework.data.repository.core.support.RepositoryInterfaceAwareBeanPostProcessor#0'
DEBUG - DefaultListableBeanFactory - Creating instance of bean 'org.springframework.data.repository.core.support.RepositoryInterfaceAwareBeanPostProcessor#0'
DEBUG - DefaultListableBeanFactory - Eagerly caching bean 'org.springframework.data.repository.core.support.RepositoryInterfaceAwareBeanPostProcessor#0' to allow for resolving potential circular references
DEBUG - DefaultListableBeanFactory - Finished creating instance of bean 'org.springframework.data.repository.core.support.RepositoryInterfaceAwareBeanPostProcessor#0'
DEBUG - DefaultListableBeanFactory - Creating shared instance of singleton bean 'org.springframework.data.repository.core.support.RepositoryInterfaceAwareBeanPostProcessor#1'
DEBUG - DefaultListableBeanFactory - Creating instance of bean 'org.springframework.data.repository.core.support.RepositoryInterfaceAwareBeanPostProcessor#1'
DEBUG - DefaultListableBeanFactory - Eagerly caching bean 'org.springframework.data.repository.core.support.RepositoryInterfaceAwareBeanPostProcessor#1' to allow for resolving potential circular references
DEBUG - DefaultListableBeanFactory - Finished creating instance of bean 'org.springframework.data.repository.core.support.RepositoryInterfaceAwareBeanPostProcessor#1'
DEBUG - DefaultListableBeanFactory - Creating shared instance of singleton bean 'org.springframework.dao.annotation.PersistenceExceptionTranslationPostProcessor#0'
DEBUG - DefaultListableBeanFactory - Creating instance of bean 'org.springframework.dao.annotation.PersistenceExceptionTranslationPostProcessor#0'
DEBUG - DefaultListableBeanFactory - Eagerly caching bean 'org.springframework.dao.annotation.PersistenceExceptionTranslationPostProcessor#0' to allow for resolving potential circular references
DEBUG - DefaultListableBeanFactory - Creating shared instance of singleton bean 'entityManagerFactoryBean'
DEBUG - DefaultListableBeanFactory - Creating instance of bean 'entityManagerFactoryBean'
DEBUG - DefaultListableBeanFactory - Creating shared instance of singleton bean 'JPAConfiguration'
DEBUG - DefaultListableBeanFactory - Creating instance of bean 'JPAConfiguration'
DEBUG - InjectionMetadata          - Registered injected element on class [ru.egalvi.problem.config.JPAConfiguration$$EnhancerByCGLIB$$e4c9bec2]: ResourceElement for private org.springframework.core.env.Environment ru.egalvi.problem.config.JPAConfiguration.environment
DEBUG - DefaultListableBeanFactory - Eagerly caching bean 'JPAConfiguration' to allow for resolving potential circular references
DEBUG - InjectionMetadata          - Processing injected method of bean 'JPAConfiguration': ResourceElement for private org.springframework.core.env.Environment ru.egalvi.problem.config.JPAConfiguration.environment
DEBUG - DefaultListableBeanFactory - Returning cached instance of singleton bean 'environment'
INFO  - GenericApplicationContext  - Bean 'JPAConfiguration' of type [class ru.egalvi.problem.config.JPAConfiguration$$EnhancerByCGLIB$$e4c9bec2] is not eligible for getting processed by all BeanPostProcessors (for example: not eligible for auto-proxying)
DEBUG - DefaultListableBeanFactory - Finished creating instance of bean 'JPAConfiguration'
DEBUG - DefaultListableBeanFactory - Creating shared instance of singleton bean 'dataSource'
DEBUG - DefaultListableBeanFactory - Creating instance of bean 'dataSource'
DEBUG - DefaultListableBeanFactory - Returning cached instance of singleton bean 'JPAConfiguration'
DEBUG - rtySourcesPropertyResolver - Searching for key 'db.driver' in [systemProperties]
DEBUG - rtySourcesPropertyResolver - Searching for key 'db.driver' in [systemEnvironment]
DEBUG - rtySourcesPropertyResolver - Searching for key 'db.driver' in [class path resource [application.properties]]
DEBUG - rtySourcesPropertyResolver - Found key 'db.driver' in [class path resource [application.properties]] with type [String] and value 'org.h2.Driver'
DEBUG - rtySourcesPropertyResolver - Searching for key 'db.url' in [systemProperties]
DEBUG - rtySourcesPropertyResolver - Searching for key 'db.url' in [systemEnvironment]
DEBUG - rtySourcesPropertyResolver - Searching for key 'db.url' in [class path resource [application.properties]]
DEBUG - rtySourcesPropertyResolver - Found key 'db.url' in [class path resource [application.properties]] with type [String] and value 'jdbc:h2:mem:datajpa'
DEBUG - rtySourcesPropertyResolver - Searching for key 'db.username' in [systemProperties]
DEBUG - rtySourcesPropertyResolver - Searching for key 'db.username' in [systemEnvironment]
DEBUG - rtySourcesPropertyResolver - Searching for key 'db.username' in [class path resource [application.properties]]
DEBUG - rtySourcesPropertyResolver - Found key 'db.username' in [class path resource [application.properties]] with type [String] and value 'sa'
DEBUG - rtySourcesPropertyResolver - Searching for key 'db.password' in [systemProperties]
DEBUG - rtySourcesPropertyResolver - Searching for key 'db.password' in [systemEnvironment]
DEBUG - rtySourcesPropertyResolver - Searching for key 'db.password' in [class path resource [application.properties]]
DEBUG - rtySourcesPropertyResolver - Found key 'db.password' in [class path resource [application.properties]] with type [String] and value ''
DEBUG - DefaultListableBeanFactory - Eagerly caching bean 'dataSource' to allow for resolving potential circular references
INFO  - GenericApplicationContext  - Bean 'dataSource' of type [class com.jolbox.bonecp.BoneCPDataSource] is not eligible for getting processed by all BeanPostProcessors (for example: not eligible for auto-proxying)
DEBUG - DefaultListableBeanFactory - Finished creating instance of bean 'dataSource'
DEBUG - rtySourcesPropertyResolver - Searching for key 'entitymanager.packages.to.scan' in [systemProperties]
DEBUG - rtySourcesPropertyResolver - Searching for key 'entitymanager.packages.to.scan' in [systemEnvironment]
DEBUG - rtySourcesPropertyResolver - Searching for key 'entitymanager.packages.to.scan' in [class path resource [application.properties]]
DEBUG - rtySourcesPropertyResolver - Found key 'entitymanager.packages.to.scan' in [class path resource [application.properties]] with type [String] and value 'ru.egalvi.problem.persistence.domain'
DEBUG - rtySourcesPropertyResolver - Searching for key 'hibernate.dialect' in [systemProperties]
DEBUG - rtySourcesPropertyResolver - Searching for key 'hibernate.dialect' in [systemEnvironment]
DEBUG - rtySourcesPropertyResolver - Searching for key 'hibernate.dialect' in [class path resource [application.properties]]
DEBUG - rtySourcesPropertyResolver - Found key 'hibernate.dialect' in [class path resource [application.properties]] with type [String] and value 'org.hibernate.dialect.H2Dialect'
DEBUG - rtySourcesPropertyResolver - Searching for key 'hibernate.format_sql' in [systemProperties]
DEBUG - rtySourcesPropertyResolver - Searching for key 'hibernate.format_sql' in [systemEnvironment]
DEBUG - rtySourcesPropertyResolver - Searching for key 'hibernate.format_sql' in [class path resource [application.properties]]
DEBUG - rtySourcesPropertyResolver - Found key 'hibernate.format_sql' in [class path resource [application.properties]] with type [String] and value 'true'
DEBUG - rtySourcesPropertyResolver - Searching for key 'hibernate.hbm2ddl.auto' in [systemProperties]
DEBUG - rtySourcesPropertyResolver - Searching for key 'hibernate.hbm2ddl.auto' in [systemEnvironment]
DEBUG - rtySourcesPropertyResolver - Searching for key 'hibernate.hbm2ddl.auto' in [class path resource [application.properties]]
DEBUG - rtySourcesPropertyResolver - Found key 'hibernate.hbm2ddl.auto' in [class path resource [application.properties]] with type [String] and value 'update'
DEBUG - rtySourcesPropertyResolver - Searching for key 'hibernate.ejb.naming_strategy' in [systemProperties]
DEBUG - rtySourcesPropertyResolver - Searching for key 'hibernate.ejb.naming_strategy' in [systemEnvironment]
DEBUG - rtySourcesPropertyResolver - Searching for key 'hibernate.ejb.naming_strategy' in [class path resource [application.properties]]
DEBUG - rtySourcesPropertyResolver - Found key 'hibernate.ejb.naming_strategy' in [class path resource [application.properties]] with type [String] and value 'org.hibernate.cfg.ImprovedNamingStrategy'
DEBUG - rtySourcesPropertyResolver - Searching for key 'hibernate.show_sql' in [systemProperties]
DEBUG - rtySourcesPropertyResolver - Searching for key 'hibernate.show_sql' in [systemEnvironment]
DEBUG - rtySourcesPropertyResolver - Searching for key 'hibernate.show_sql' in [class path resource [application.properties]]
DEBUG - rtySourcesPropertyResolver - Found key 'hibernate.show_sql' in [class path resource [application.properties]] with type [String] and value 'true'
DEBUG - DefaultListableBeanFactory - Eagerly caching bean 'entityManagerFactoryBean' to allow for resolving potential circular references
DEBUG - DefaultListableBeanFactory - Invoking afterPropertiesSet() on bean with name 'entityManagerFactoryBean'
DEBUG - ingResourcePatternResolver - Looking for matching resources in directory tree [D:\Aleksandr_Egorov\Study\StudyProjects\problems_database\problems_app\build\classes\main\ru\egalvi\problem\persistence\domain]
DEBUG - ingResourcePatternResolver - Searching directory [D:\Aleksandr_Egorov\Study\StudyProjects\problems_database\problems_app\build\classes\main\ru\egalvi\problem\persistence\domain] for files matching pattern [D:/Aleksandr_Egorov/Study/StudyProjects/problems_database/problems_app/build/classes/main/ru/egalvi/problem/persistence/domain/**/*.class]
DEBUG - ingResourcePatternResolver - Resolved location pattern [classpath*:ru/egalvi/problem/persistence/domain/**/*.class] to resources [file [D:\Aleksandr_Egorov\Study\StudyProjects\problems_database\problems_app\build\classes\main\ru\egalvi\problem\persistence\domain\Category.class], file [D:\Aleksandr_Egorov\Study\StudyProjects\problems_database\problems_app\build\classes\main\ru\egalvi\problem\persistence\domain\Discipline$Builder$1.class], file [D:\Aleksandr_Egorov\Study\StudyProjects\problems_database\problems_app\build\classes\main\ru\egalvi\problem\persistence\domain\Discipline$Builder.class], file [D:\Aleksandr_Egorov\Study\StudyProjects\problems_database\problems_app\build\classes\main\ru\egalvi\problem\persistence\domain\Discipline.class], file [D:\Aleksandr_Egorov\Study\StudyProjects\problems_database\problems_app\build\classes\main\ru\egalvi\problem\persistence\domain\Problem.class], file [D:\Aleksandr_Egorov\Study\StudyProjects\problems_database\problems_app\build\classes\main\ru\egalvi\problem\persistence\domain\Solution.class]]
INFO  - erEntityManagerFactoryBean - Building JPA container EntityManagerFactory for persistence unit 'default'
DEBUG - logging                    - Logging Provider: org.jboss.logging.Log4jLoggerProvider
DEBUG - BasicTypeRegistry          - Adding type registration boolean -> org.hibernate.type.BooleanType@24661903
DEBUG - BasicTypeRegistry          - Adding type registration boolean -> org.hibernate.type.BooleanType@24661903
DEBUG - BasicTypeRegistry          - Adding type registration java.lang.Boolean -> org.hibernate.type.BooleanType@24661903
DEBUG - BasicTypeRegistry          - Adding type registration numeric_boolean -> org.hibernate.type.NumericBooleanType@7ede7cf
DEBUG - BasicTypeRegistry          - Adding type registration true_false -> org.hibernate.type.TrueFalseType@1e7b9427
DEBUG - BasicTypeRegistry          - Adding type registration yes_no -> org.hibernate.type.YesNoType@504b9ec5
DEBUG - BasicTypeRegistry          - Adding type registration byte -> org.hibernate.type.ByteType@4bdc0b99
DEBUG - BasicTypeRegistry          - Adding type registration byte -> org.hibernate.type.ByteType@4bdc0b99
DEBUG - BasicTypeRegistry          - Adding type registration java.lang.Byte -> org.hibernate.type.ByteType@4bdc0b99
DEBUG - BasicTypeRegistry          - Adding type registration character -> org.hibernate.type.CharacterType@571737cd
DEBUG - BasicTypeRegistry          - Adding type registration char -> org.hibernate.type.CharacterType@571737cd
DEBUG - BasicTypeRegistry          - Adding type registration java.lang.Character -> org.hibernate.type.CharacterType@571737cd
DEBUG - BasicTypeRegistry          - Adding type registration short -> org.hibernate.type.ShortType@5ff3bbc4
DEBUG - BasicTypeRegistry          - Adding type registration short -> org.hibernate.type.ShortType@5ff3bbc4
DEBUG - BasicTypeRegistry          - Adding type registration java.lang.Short -> org.hibernate.type.ShortType@5ff3bbc4
DEBUG - BasicTypeRegistry          - Adding type registration integer -> org.hibernate.type.IntegerType@3913e70e
DEBUG - BasicTypeRegistry          - Adding type registration int -> org.hibernate.type.IntegerType@3913e70e
DEBUG - BasicTypeRegistry          - Adding type registration java.lang.Integer -> org.hibernate.type.IntegerType@3913e70e
DEBUG - BasicTypeRegistry          - Adding type registration long -> org.hibernate.type.LongType@2973bbbe
DEBUG - BasicTypeRegistry          - Adding type registration long -> org.hibernate.type.LongType@2973bbbe
DEBUG - BasicTypeRegistry          - Adding type registration java.lang.Long -> org.hibernate.type.LongType@2973bbbe
DEBUG - BasicTypeRegistry          - Adding type registration float -> org.hibernate.type.FloatType@42f38187
DEBUG - BasicTypeRegistry          - Adding type registration float -> org.hibernate.type.FloatType@42f38187
DEBUG - BasicTypeRegistry          - Adding type registration java.lang.Float -> org.hibernate.type.FloatType@42f38187
DEBUG - BasicTypeRegistry          - Adding type registration double -> org.hibernate.type.DoubleType@3850c651
DEBUG - BasicTypeRegistry          - Adding type registration double -> org.hibernate.type.DoubleType@3850c651
DEBUG - BasicTypeRegistry          - Adding type registration java.lang.Double -> org.hibernate.type.DoubleType@3850c651
DEBUG - BasicTypeRegistry          - Adding type registration big_decimal -> org.hibernate.type.BigDecimalType@53437f0
DEBUG - BasicTypeRegistry          - Adding type registration java.math.BigDecimal -> org.hibernate.type.BigDecimalType@53437f0
DEBUG - BasicTypeRegistry          - Adding type registration big_integer -> org.hibernate.type.BigIntegerType@22d6d956
DEBUG - BasicTypeRegistry          - Adding type registration java.math.BigInteger -> org.hibernate.type.BigIntegerType@22d6d956
DEBUG - BasicTypeRegistry          - Adding type registration string -> org.hibernate.type.StringType@47b36583
DEBUG - BasicTypeRegistry          - Adding type registration java.lang.String -> org.hibernate.type.StringType@47b36583
DEBUG - BasicTypeRegistry          - Adding type registration url -> org.hibernate.type.UrlType@3d314e55
DEBUG - BasicTypeRegistry          - Adding type registration java.net.URL -> org.hibernate.type.UrlType@3d314e55
DEBUG - BasicTypeRegistry          - Adding type registration date -> org.hibernate.type.DateType@2bc25a1d
DEBUG - BasicTypeRegistry          - Adding type registration java.sql.Date -> org.hibernate.type.DateType@2bc25a1d
DEBUG - BasicTypeRegistry          - Adding type registration time -> org.hibernate.type.TimeType@2e7aa0d3
DEBUG - BasicTypeRegistry          - Adding type registration java.sql.Time -> org.hibernate.type.TimeType@2e7aa0d3
DEBUG - BasicTypeRegistry          - Adding type registration timestamp -> org.hibernate.type.TimestampType@274e30c7
DEBUG - BasicTypeRegistry          - Adding type registration java.sql.Timestamp -> org.hibernate.type.TimestampType@274e30c7
DEBUG - BasicTypeRegistry          - Adding type registration java.util.Date -> org.hibernate.type.TimestampType@274e30c7
DEBUG - BasicTypeRegistry          - Adding type registration dbtimestamp -> org.hibernate.type.DbTimestampType@660382ce
DEBUG - BasicTypeRegistry          - Adding type registration calendar -> org.hibernate.type.CalendarType@4a523b16
DEBUG - BasicTypeRegistry          - Adding type registration java.util.Calendar -> org.hibernate.type.CalendarType@4a523b16
DEBUG - BasicTypeRegistry          - Adding type registration java.util.GregorianCalendar -> org.hibernate.type.CalendarType@4a523b16
DEBUG - BasicTypeRegistry          - Adding type registration calendar_date -> org.hibernate.type.CalendarDateType@70e71bb9
DEBUG - BasicTypeRegistry          - Adding type registration locale -> org.hibernate.type.LocaleType@22e6cc80
DEBUG - BasicTypeRegistry          - Adding type registration java.util.Locale -> org.hibernate.type.LocaleType@22e6cc80
DEBUG - BasicTypeRegistry          - Adding type registration currency -> org.hibernate.type.CurrencyType@71b17530
DEBUG - BasicTypeRegistry          - Adding type registration java.util.Currency -> org.hibernate.type.CurrencyType@71b17530
DEBUG - BasicTypeRegistry          - Adding type registration timezone -> org.hibernate.type.TimeZoneType@271a42a2
DEBUG - BasicTypeRegistry          - Adding type registration java.util.TimeZone -> org.hibernate.type.TimeZoneType@271a42a2
DEBUG - BasicTypeRegistry          - Adding type registration class -> org.hibernate.type.ClassType@5309b8c0
DEBUG - BasicTypeRegistry          - Adding type registration java.lang.Class -> org.hibernate.type.ClassType@5309b8c0
DEBUG - BasicTypeRegistry          - Adding type registration uuid-binary -> org.hibernate.type.UUIDBinaryType@317b71d9
DEBUG - BasicTypeRegistry          - Adding type registration java.util.UUID -> org.hibernate.type.UUIDBinaryType@317b71d9
DEBUG - BasicTypeRegistry          - Adding type registration uuid-char -> org.hibernate.type.UUIDCharType@adf5c79
DEBUG - BasicTypeRegistry          - Adding type registration pg-uuid -> org.hibernate.type.PostgresUUIDType@61a4f49c
DEBUG - BasicTypeRegistry          - Adding type registration binary -> org.hibernate.type.BinaryType@213fdeca
DEBUG - BasicTypeRegistry          - Adding type registration byte[] -> org.hibernate.type.BinaryType@213fdeca
DEBUG - BasicTypeRegistry          - Adding type registration [B -> org.hibernate.type.BinaryType@213fdeca
DEBUG - BasicTypeRegistry          - Adding type registration wrapper-binary -> org.hibernate.type.WrapperBinaryType@2e77d075
DEBUG - BasicTypeRegistry          - Adding type registration Byte[] -> org.hibernate.type.WrapperBinaryType@2e77d075
DEBUG - BasicTypeRegistry          - Adding type registration [Ljava.lang.Byte; -> org.hibernate.type.WrapperBinaryType@2e77d075
DEBUG - BasicTypeRegistry          - Adding type registration image -> org.hibernate.type.ImageType@1bc94f42
DEBUG - BasicTypeRegistry          - Adding type registration characters -> org.hibernate.type.CharArrayType@2231e8d4
DEBUG - BasicTypeRegistry          - Adding type registration char[] -> org.hibernate.type.CharArrayType@2231e8d4
DEBUG - BasicTypeRegistry          - Adding type registration [C -> org.hibernate.type.CharArrayType@2231e8d4
DEBUG - BasicTypeRegistry          - Adding type registration wrapper-characters -> org.hibernate.type.CharacterArrayType@66fcb593
DEBUG - BasicTypeRegistry          - Adding type registration [Ljava.lang.Character; -> org.hibernate.type.CharacterArrayType@66fcb593
DEBUG - BasicTypeRegistry          - Adding type registration Character[] -> org.hibernate.type.CharacterArrayType@66fcb593
DEBUG - BasicTypeRegistry          - Adding type registration text -> org.hibernate.type.TextType@7447d144
DEBUG - BasicTypeRegistry          - Adding type registration blob -> org.hibernate.type.BlobType@2545f23e
DEBUG - BasicTypeRegistry          - Adding type registration java.sql.Blob -> org.hibernate.type.BlobType@2545f23e
DEBUG - BasicTypeRegistry          - Adding type registration materialized_blob -> org.hibernate.type.MaterializedBlobType@5768f863
DEBUG - BasicTypeRegistry          - Adding type registration clob -> org.hibernate.type.ClobType@123dac34
DEBUG - BasicTypeRegistry          - Adding type registration java.sql.Clob -> org.hibernate.type.ClobType@123dac34
DEBUG - BasicTypeRegistry          - Adding type registration materialized_clob -> org.hibernate.type.MaterializedClobType@291677a6
DEBUG - BasicTypeRegistry          - Adding type registration serializable -> org.hibernate.type.SerializableType@764d86d6
DEBUG - BasicTypeRegistry          - Adding type registration object -> org.hibernate.type.ObjectType@50d2de1
DEBUG - BasicTypeRegistry          - Adding type registration java.lang.Object -> org.hibernate.type.ObjectType@50d2de1
DEBUG - BasicTypeRegistry          - Adding type registration imm_date -> org.hibernate.type.AdaptedImmutableType@398b0a62
DEBUG - BasicTypeRegistry          - Adding type registration imm_time -> org.hibernate.type.AdaptedImmutableType@5756c571
DEBUG - BasicTypeRegistry          - Adding type registration imm_timestamp -> org.hibernate.type.AdaptedImmutableType@1bcaa83
DEBUG - BasicTypeRegistry          - Adding type registration imm_dbtimestamp -> org.hibernate.type.AdaptedImmutableType@95e7f59
DEBUG - BasicTypeRegistry          - Adding type registration imm_calendar -> org.hibernate.type.AdaptedImmutableType@1afab0dd
DEBUG - BasicTypeRegistry          - Adding type registration imm_calendar_date -> org.hibernate.type.AdaptedImmutableType@40718b01
DEBUG - BasicTypeRegistry          - Adding type registration imm_binary -> org.hibernate.type.AdaptedImmutableType@5e5d0fb4
DEBUG - BasicTypeRegistry          - Adding type registration imm_serializable -> org.hibernate.type.AdaptedImmutableType@2fb222d2
INFO  - Version                    - HCANN000001: Hibernate Commons Annotations {4.0.1.Final}
INFO  - Version                    - HHH000412: Hibernate Core {4.0.1.Final}
INFO  - Environment                - HHH000206: hibernate.properties not found
INFO  - Environment                - HHH000021: Bytecode provider name : javassist
DEBUG - IdentifierGeneratorFactory - Registering IdentifierGenerator strategy [uuid2] -> [org.hibernate.id.UUIDGenerator]
DEBUG - IdentifierGeneratorFactory - Registering IdentifierGenerator strategy [guid] -> [org.hibernate.id.GUIDGenerator]
DEBUG - IdentifierGeneratorFactory - Registering IdentifierGenerator strategy [uuid] -> [org.hibernate.id.UUIDHexGenerator]
DEBUG - IdentifierGeneratorFactory - Registering IdentifierGenerator strategy [uuid.hex] -> [org.hibernate.id.UUIDHexGenerator]
DEBUG - IdentifierGeneratorFactory - Registering IdentifierGenerator strategy [hilo] -> [org.hibernate.id.TableHiLoGenerator]
DEBUG - IdentifierGeneratorFactory - Registering IdentifierGenerator strategy [assigned] -> [org.hibernate.id.Assigned]
DEBUG - IdentifierGeneratorFactory - Registering IdentifierGenerator strategy [identity] -> [org.hibernate.id.IdentityGenerator]
DEBUG - IdentifierGeneratorFactory - Registering IdentifierGenerator strategy [select] -> [org.hibernate.id.SelectGenerator]
DEBUG - IdentifierGeneratorFactory - Registering IdentifierGenerator strategy [sequence] -> [org.hibernate.id.SequenceGenerator]
DEBUG - IdentifierGeneratorFactory - Registering IdentifierGenerator strategy [seqhilo] -> [org.hibernate.id.SequenceHiLoGenerator]
DEBUG - IdentifierGeneratorFactory - Registering IdentifierGenerator strategy [increment] -> [org.hibernate.id.IncrementGenerator]
DEBUG - IdentifierGeneratorFactory - Registering IdentifierGenerator strategy [foreign] -> [org.hibernate.id.ForeignGenerator]
DEBUG - IdentifierGeneratorFactory - Registering IdentifierGenerator strategy [sequence-identity] -> [org.hibernate.id.SequenceIdentityGenerator]
DEBUG - IdentifierGeneratorFactory - Registering IdentifierGenerator strategy [enhanced-sequence] -> [org.hibernate.id.enhanced.SequenceStyleGenerator]
DEBUG - IdentifierGeneratorFactory - Registering IdentifierGenerator strategy [enhanced-table] -> [org.hibernate.id.enhanced.TableGenerator]
DEBUG - BasicTypeRegistry          - Adding type registration boolean -> org.hibernate.type.BooleanType@24661903
DEBUG - BasicTypeRegistry          - Adding type registration boolean -> org.hibernate.type.BooleanType@24661903
DEBUG - BasicTypeRegistry          - Adding type registration java.lang.Boolean -> org.hibernate.type.BooleanType@24661903
DEBUG - BasicTypeRegistry          - Adding type registration numeric_boolean -> org.hibernate.type.NumericBooleanType@7ede7cf
DEBUG - BasicTypeRegistry          - Adding type registration true_false -> org.hibernate.type.TrueFalseType@1e7b9427
DEBUG - BasicTypeRegistry          - Adding type registration yes_no -> org.hibernate.type.YesNoType@504b9ec5
DEBUG - BasicTypeRegistry          - Adding type registration byte -> org.hibernate.type.ByteType@4bdc0b99
DEBUG - BasicTypeRegistry          - Adding type registration byte -> org.hibernate.type.ByteType@4bdc0b99
DEBUG - BasicTypeRegistry          - Adding type registration java.lang.Byte -> org.hibernate.type.ByteType@4bdc0b99
DEBUG - BasicTypeRegistry          - Adding type registration character -> org.hibernate.type.CharacterType@571737cd
DEBUG - BasicTypeRegistry          - Adding type registration char -> org.hibernate.type.CharacterType@571737cd
DEBUG - BasicTypeRegistry          - Adding type registration java.lang.Character -> org.hibernate.type.CharacterType@571737cd
DEBUG - BasicTypeRegistry          - Adding type registration short -> org.hibernate.type.ShortType@5ff3bbc4
DEBUG - BasicTypeRegistry          - Adding type registration short -> org.hibernate.type.ShortType@5ff3bbc4
DEBUG - BasicTypeRegistry          - Adding type registration java.lang.Short -> org.hibernate.type.ShortType@5ff3bbc4
DEBUG - BasicTypeRegistry          - Adding type registration integer -> org.hibernate.type.IntegerType@3913e70e
DEBUG - BasicTypeRegistry          - Adding type registration int -> org.hibernate.type.IntegerType@3913e70e
DEBUG - BasicTypeRegistry          - Adding type registration java.lang.Integer -> org.hibernate.type.IntegerType@3913e70e
DEBUG - BasicTypeRegistry          - Adding type registration long -> org.hibernate.type.LongType@2973bbbe
DEBUG - BasicTypeRegistry          - Adding type registration long -> org.hibernate.type.LongType@2973bbbe
DEBUG - BasicTypeRegistry          - Adding type registration java.lang.Long -> org.hibernate.type.LongType@2973bbbe
DEBUG - BasicTypeRegistry          - Adding type registration float -> org.hibernate.type.FloatType@42f38187
DEBUG - BasicTypeRegistry          - Adding type registration float -> org.hibernate.type.FloatType@42f38187
DEBUG - BasicTypeRegistry          - Adding type registration java.lang.Float -> org.hibernate.type.FloatType@42f38187
DEBUG - BasicTypeRegistry          - Adding type registration double -> org.hibernate.type.DoubleType@3850c651
DEBUG - BasicTypeRegistry          - Adding type registration double -> org.hibernate.type.DoubleType@3850c651
DEBUG - BasicTypeRegistry          - Adding type registration java.lang.Double -> org.hibernate.type.DoubleType@3850c651
DEBUG - BasicTypeRegistry          - Adding type registration big_decimal -> org.hibernate.type.BigDecimalType@53437f0
DEBUG - BasicTypeRegistry          - Adding type registration java.math.BigDecimal -> org.hibernate.type.BigDecimalType@53437f0
DEBUG - BasicTypeRegistry          - Adding type registration big_integer -> org.hibernate.type.BigIntegerType@22d6d956
DEBUG - BasicTypeRegistry          - Adding type registration java.math.BigInteger -> org.hibernate.type.BigIntegerType@22d6d956
DEBUG - BasicTypeRegistry          - Adding type registration string -> org.hibernate.type.StringType@47b36583
DEBUG - BasicTypeRegistry          - Adding type registration java.lang.String -> org.hibernate.type.StringType@47b36583
DEBUG - BasicTypeRegistry          - Adding type registration url -> org.hibernate.type.UrlType@3d314e55
DEBUG - BasicTypeRegistry          - Adding type registration java.net.URL -> org.hibernate.type.UrlType@3d314e55
DEBUG - BasicTypeRegistry          - Adding type registration date -> org.hibernate.type.DateType@2bc25a1d
DEBUG - BasicTypeRegistry          - Adding type registration java.sql.Date -> org.hibernate.type.DateType@2bc25a1d
DEBUG - BasicTypeRegistry          - Adding type registration time -> org.hibernate.type.TimeType@2e7aa0d3
DEBUG - BasicTypeRegistry          - Adding type registration java.sql.Time -> org.hibernate.type.TimeType@2e7aa0d3
DEBUG - BasicTypeRegistry          - Adding type registration timestamp -> org.hibernate.type.TimestampType@274e30c7
DEBUG - BasicTypeRegistry          - Adding type registration java.sql.Timestamp -> org.hibernate.type.TimestampType@274e30c7
DEBUG - BasicTypeRegistry          - Adding type registration java.util.Date -> org.hibernate.type.TimestampType@274e30c7
DEBUG - BasicTypeRegistry          - Adding type registration dbtimestamp -> org.hibernate.type.DbTimestampType@660382ce
DEBUG - BasicTypeRegistry          - Adding type registration calendar -> org.hibernate.type.CalendarType@4a523b16
DEBUG - BasicTypeRegistry          - Adding type registration java.util.Calendar -> org.hibernate.type.CalendarType@4a523b16
DEBUG - BasicTypeRegistry          - Adding type registration java.util.GregorianCalendar -> org.hibernate.type.CalendarType@4a523b16
DEBUG - BasicTypeRegistry          - Adding type registration calendar_date -> org.hibernate.type.CalendarDateType@70e71bb9
DEBUG - BasicTypeRegistry          - Adding type registration locale -> org.hibernate.type.LocaleType@22e6cc80
DEBUG - BasicTypeRegistry          - Adding type registration java.util.Locale -> org.hibernate.type.LocaleType@22e6cc80
DEBUG - BasicTypeRegistry          - Adding type registration currency -> org.hibernate.type.CurrencyType@71b17530
DEBUG - BasicTypeRegistry          - Adding type registration java.util.Currency -> org.hibernate.type.CurrencyType@71b17530
DEBUG - BasicTypeRegistry          - Adding type registration timezone -> org.hibernate.type.TimeZoneType@271a42a2
DEBUG - BasicTypeRegistry          - Adding type registration java.util.TimeZone -> org.hibernate.type.TimeZoneType@271a42a2
DEBUG - BasicTypeRegistry          - Adding type registration class -> org.hibernate.type.ClassType@5309b8c0
DEBUG - BasicTypeRegistry          - Adding type registration java.lang.Class -> org.hibernate.type.ClassType@5309b8c0
DEBUG - BasicTypeRegistry          - Adding type registration uuid-binary -> org.hibernate.type.UUIDBinaryType@317b71d9
DEBUG - BasicTypeRegistry          - Adding type registration java.util.UUID -> org.hibernate.type.UUIDBinaryType@317b71d9
DEBUG - BasicTypeRegistry          - Adding type registration uuid-char -> org.hibernate.type.UUIDCharType@adf5c79
DEBUG - BasicTypeRegistry          - Adding type registration pg-uuid -> org.hibernate.type.PostgresUUIDType@61a4f49c
DEBUG - BasicTypeRegistry          - Adding type registration binary -> org.hibernate.type.BinaryType@213fdeca
DEBUG - BasicTypeRegistry          - Adding type registration byte[] -> org.hibernate.type.BinaryType@213fdeca
DEBUG - BasicTypeRegistry          - Adding type registration [B -> org.hibernate.type.BinaryType@213fdeca
DEBUG - BasicTypeRegistry          - Adding type registration wrapper-binary -> org.hibernate.type.WrapperBinaryType@2e77d075
DEBUG - BasicTypeRegistry          - Adding type registration Byte[] -> org.hibernate.type.WrapperBinaryType@2e77d075
DEBUG - BasicTypeRegistry          - Adding type registration [Ljava.lang.Byte; -> org.hibernate.type.WrapperBinaryType@2e77d075
DEBUG - BasicTypeRegistry          - Adding type registration image -> org.hibernate.type.ImageType@1bc94f42
DEBUG - BasicTypeRegistry          - Adding type registration characters -> org.hibernate.type.CharArrayType@2231e8d4
DEBUG - BasicTypeRegistry          - Adding type registration char[] -> org.hibernate.type.CharArrayType@2231e8d4
DEBUG - BasicTypeRegistry          - Adding type registration [C -> org.hibernate.type.CharArrayType@2231e8d4
DEBUG - BasicTypeRegistry          - Adding type registration wrapper-characters -> org.hibernate.type.CharacterArrayType@66fcb593
DEBUG - BasicTypeRegistry          - Adding type registration [Ljava.lang.Character; -> org.hibernate.type.CharacterArrayType@66fcb593
DEBUG - BasicTypeRegistry          - Adding type registration Character[] -> org.hibernate.type.CharacterArrayType@66fcb593
DEBUG - BasicTypeRegistry          - Adding type registration text -> org.hibernate.type.TextType@7447d144
DEBUG - BasicTypeRegistry          - Adding type registration blob -> org.hibernate.type.BlobType@2545f23e
DEBUG - BasicTypeRegistry          - Adding type registration java.sql.Blob -> org.hibernate.type.BlobType@2545f23e
DEBUG - BasicTypeRegistry          - Adding type registration materialized_blob -> org.hibernate.type.MaterializedBlobType@5768f863
DEBUG - BasicTypeRegistry          - Adding type registration clob -> org.hibernate.type.ClobType@123dac34
DEBUG - BasicTypeRegistry          - Adding type registration java.sql.Clob -> org.hibernate.type.ClobType@123dac34
DEBUG - BasicTypeRegistry          - Adding type registration materialized_clob -> org.hibernate.type.MaterializedClobType@291677a6
DEBUG - BasicTypeRegistry          - Adding type registration serializable -> org.hibernate.type.SerializableType@764d86d6
DEBUG - BasicTypeRegistry          - Adding type registration object -> org.hibernate.type.ObjectType@50d2de1
DEBUG - BasicTypeRegistry          - Adding type registration java.lang.Object -> org.hibernate.type.ObjectType@50d2de1
DEBUG - BasicTypeRegistry          - Adding type registration imm_date -> org.hibernate.type.AdaptedImmutableType@e53c0ce
DEBUG - BasicTypeRegistry          - Adding type registration imm_time -> org.hibernate.type.AdaptedImmutableType@1c971bbb
DEBUG - BasicTypeRegistry          - Adding type registration imm_timestamp -> org.hibernate.type.AdaptedImmutableType@49da0a7
DEBUG - BasicTypeRegistry          - Adding type registration imm_dbtimestamp -> org.hibernate.type.AdaptedImmutableType@89e364f
[...]
DEBUG - ProfileValueUtils          - Retrieved @ProfileValueSourceConfiguration [null] for test class [ru.egalvi.problem.persistance.integration.EntityMappingIntegrationTests]
DEBUG - ProfileValueUtils          - Retrieved ProfileValueSource type [class org.springframework.test.annotation.SystemProfileValueSource] for class [ru.egalvi.problem.persistance.integration.EntityMappingIntegrationTests]
DEBUG - AwareContextLoaderDelegate - Retrieved ApplicationContext from cache with key [[MergedContextConfiguration@7d651733 testClass = EntityMappingIntegrationTests, locations = '{}', classes = '{class ru.egalvi.problem.config.JPAConfiguration}', contextInitializerClasses = '[]', activeProfiles = '{}', contextLoader = 'org.springframework.test.context.support.DelegatingSmartContextLoader', parent = [null]]].
DEBUG - ctionTestExecutionListener - Performing dependency injection for test context [[TestContext@3f53447a testClass = EntityMappingIntegrationTests, testInstance = ru.egalvi.problem.persistance.integration.EntityMappingIntegrationTests@317d9c67, testMethod = [null], testException = [null], mergedContextConfiguration = [MergedContextConfiguration@7d651733 testClass = EntityMappingIntegrationTests, locations = '{}', classes = '{class ru.egalvi.problem.config.JPAConfiguration}', contextInitializerClasses = '[]', activeProfiles = '{}', contextLoader = 'org.springframework.test.context.support.DelegatingSmartContextLoader', parent = [null]]]].
DEBUG - AwareContextLoaderDelegate - Retrieved ApplicationContext from cache with key [[MergedContextConfiguration@7d651733 testClass = EntityMappingIntegrationTests, locations = '{}', classes = '{class ru.egalvi.problem.config.JPAConfiguration}', contextInitializerClasses = '[]', activeProfiles = '{}', contextLoader = 'org.springframework.test.context.support.DelegatingSmartContextLoader', parent = [null]]].
DEBUG - InjectionMetadata          - Processing injected method of bean 'ru.egalvi.problem.persistance.integration.EntityMappingIntegrationTests': AutowiredFieldElement for javax.persistence.EntityManager ru.egalvi.problem.persistance.integration.EntityMappingIntegrationTests.manager
DEBUG - DefaultListableBeanFactory - Returning cached instance of singleton bean 'entityManager'
DEBUG - AwareContextLoaderDelegate - Retrieved ApplicationContext from cache with key [[MergedContextConfiguration@7d651733 testClass = EntityMappingIntegrationTests, locations = '{}', classes = '{class ru.egalvi.problem.config.JPAConfiguration}', contextInitializerClasses = '[]', activeProfiles = '{}', contextLoader = 'org.springframework.test.context.support.DelegatingSmartContextLoader', parent = [null]]].
DEBUG - TransactionAttributeSource - Adding transactional method 'categoryMapping' with attribute: PROPAGATION_REQUIRED,ISOLATION_DEFAULT; ''
DEBUG - ionalTestExecutionListener - Explicit transaction definition [PROPAGATION_REQUIRED,ISOLATION_DEFAULT; ''] found for test context [TestContext@3f53447a testClass = EntityMappingIntegrationTests, testInstance = ru.egalvi.problem.persistance.integration.EntityMappingIntegrationTests@317d9c67, testMethod = categoryMapping@EntityMappingIntegrationTests, testException = [null], mergedContextConfiguration = [MergedContextConfiguration@7d651733 testClass = EntityMappingIntegrationTests, locations = '{}', classes = '{class ru.egalvi.problem.config.JPAConfiguration}', contextInitializerClasses = '[]', activeProfiles = '{}', contextLoader = 'org.springframework.test.context.support.DelegatingSmartContextLoader', parent = [null]]]
DEBUG - AwareContextLoaderDelegate - Retrieved ApplicationContext from cache with key [[MergedContextConfiguration@7d651733 testClass = EntityMappingIntegrationTests, locations = '{}', classes = '{class ru.egalvi.problem.config.JPAConfiguration}', contextInitializerClasses = '[]', activeProfiles = '{}', contextLoader = 'org.springframework.test.context.support.DelegatingSmartContextLoader', parent = [null]]].
DEBUG - DefaultListableBeanFactory - Returning cached instance of singleton bean 'transactionManager'
DEBUG - JpaTransactionManager      - Creating new transaction with name [categoryMapping]: PROPAGATION_REQUIRED,ISOLATION_DEFAULT; ''
DEBUG - SessionImpl                - Opened session at timestamp: 14108753911
DEBUG - JpaTransactionManager      - Opened new EntityManager [org.hibernate.ejb.EntityManagerImpl@2da74793] for JPA transaction
DEBUG - AbstractTransactionImpl    - begin
DEBUG - LogicalConnectionImpl      - Obtaining JDBC connection
DEBUG - LogicalConnectionImpl      - Obtained JDBC connection
DEBUG - JdbcTransaction            - initial autocommit status: true
DEBUG - JdbcTransaction            - disabling autocommit
DEBUG - JpaTransactionManager      - Not exposing JPA transaction [org.hibernate.ejb.EntityManagerImpl@2da74793] as JDBC transaction because JpaDialect [org.springframework.orm.jpa.DefaultJpaDialect@6b092ccf] does not support JDBC Connection retrieval
DEBUG - ionalTestExecutionListener - No method-level @Rollback override: using default rollback [true] for test context [TestContext@3f53447a testClass = EntityMappingIntegrationTests, testInstance = ru.egalvi.problem.persistance.integration.EntityMappingIntegrationTests@317d9c67, testMethod = categoryMapping@EntityMappingIntegrationTests, testException = [null], mergedContextConfiguration = [MergedContextConfiguration@7d651733 testClass = EntityMappingIntegrationTests, locations = '{}', classes = '{class ru.egalvi.problem.config.JPAConfiguration}', contextInitializerClasses = '[]', activeProfiles = '{}', contextLoader = 'org.springframework.test.context.support.DelegatingSmartContextLoader', parent = [null]]]
INFO  - ionalTestExecutionListener - Began transaction (3): transaction manager [org.springframework.orm.jpa.JpaTransactionManager@4ae85f19]; rollback [true]
DEBUG - ionalTestExecutionListener - No method-level @Rollback override: using default rollback [true] for test context [TestContext@3f53447a testClass = EntityMappingIntegrationTests, testInstance = ru.egalvi.problem.persistance.integration.EntityMappingIntegrationTests@317d9c67, testMethod = categoryMapping@EntityMappingIntegrationTests, testException = [null], mergedContextConfiguration = [MergedContextConfiguration@7d651733 testClass = EntityMappingIntegrationTests, locations = '{}', classes = '{class ru.egalvi.problem.config.JPAConfiguration}', contextInitializerClasses = '[]', activeProfiles = '{}', contextLoader = 'org.springframework.test.context.support.DelegatingSmartContextLoader', parent = [null]]]
DEBUG - JpaTransactionManager      - Initiating transaction rollback
DEBUG - JpaTransactionManager      - Rolling back JPA transaction on EntityManager [org.hibernate.ejb.EntityManagerImpl@2da74793]
DEBUG - AbstractTransactionImpl    - rolling back
DEBUG - JdbcTransaction            - rolled JDBC Connection
DEBUG - JdbcTransaction            - re-enabling autocommit
DEBUG - JpaTransactionManager      - Closing JPA EntityManager [org.hibernate.ejb.EntityManagerImpl@2da74793] after transaction
DEBUG - EntityManagerFactoryUtils  - Closing JPA EntityManager
DEBUG - LogicalConnectionImpl      - Releasing JDBC connection
DEBUG - LogicalConnectionImpl      - Released JDBC connection
INFO  - ionalTestExecutionListener - Rolled back transaction after test execution for test context [TestContext@3f53447a testClass = EntityMappingIntegrationTests, testInstance = ru.egalvi.problem.persistance.integration.EntityMappingIntegrationTests@317d9c67, testMethod = categoryMapping@EntityMappingIntegrationTests, testException = [null], mergedContextConfiguration = [MergedContextConfiguration@7d651733 testClass = EntityMappingIntegrationTests, locations = '{}', classes = '{class ru.egalvi.problem.config.JPAConfiguration}', contextInitializerClasses = '[]', activeProfiles = '{}', contextLoader = 'org.springframework.test.context.support.DelegatingSmartContextLoader', parent = [null]]]
DEBUG - ntextTestExecutionListener - After test method: context [[TestContext@3f53447a testClass = EntityMappingIntegrationTests, testInstance = ru.egalvi.problem.persistance.integration.EntityMappingIntegrationTests@317d9c67, testMethod = categoryMapping@EntityMappingIntegrationTests, testException = [null], mergedContextConfiguration = [MergedContextConfiguration@7d651733 testClass = EntityMappingIntegrationTests, locations = '{}', classes = '{class ru.egalvi.problem.config.JPAConfiguration}', contextInitializerClasses = '[]', activeProfiles = '{}', contextLoader = 'org.springframework.test.context.support.DelegatingSmartContextLoader', parent = [null]]]], class dirties context [false], class mode [null], method dirties context [false].
DEBUG - rvletTestExecutionListener - Resetting RequestContextHolder for test context [TestContext@3f53447a testClass = EntityMappingIntegrationTests, testInstance = ru.egalvi.problem.persistance.integration.EntityMappingIntegrationTests@317d9c67, testMethod = categoryMapping@EntityMappingIntegrationTests, testException = [null], mergedContextConfiguration = [MergedContextConfiguration@7d651733 testClass = EntityMappingIntegrationTests, locations = '{}', classes = '{class ru.egalvi.problem.config.JPAConfiguration}', contextInitializerClasses = '[]', activeProfiles = '{}', contextLoader = 'org.springframework.test.context.support.DelegatingSmartContextLoader', parent = [null]]].
DEBUG - ProfileValueUtils          - Retrieved @ProfileValueSourceConfiguration [null] for test class [ru.egalvi.problem.persistance.integration.EntityMappingIntegrationTests]
DEBUG - ProfileValueUtils          - Retrieved ProfileValueSource type [class org.springframework.test.annotation.SystemProfileValueSource] for class [ru.egalvi.problem.persistance.integration.EntityMappingIntegrationTests]
DEBUG - AwareContextLoaderDelegate - Retrieved ApplicationContext from cache with key [[MergedContextConfiguration@7d651733 testClass = EntityMappingIntegrationTests, locations = '{}', classes = '{class ru.egalvi.problem.config.JPAConfiguration}', contextInitializerClasses = '[]', activeProfiles = '{}', contextLoader = 'org.springframework.test.context.support.DelegatingSmartContextLoader', parent = [null]]].
DEBUG - ctionTestExecutionListener - Performing dependency injection for test context [[TestContext@3f53447a testClass = EntityMappingIntegrationTests, testInstance = ru.egalvi.problem.persistance.integration.EntityMappingIntegrationTests@42f1d477, testMethod = [null], testException = [null], mergedContextConfiguration = [MergedContextConfiguration@7d651733 testClass = EntityMappingIntegrationTests, locations = '{}', classes = '{class ru.egalvi.problem.config.JPAConfiguration}', contextInitializerClasses = '[]', activeProfiles = '{}', contextLoader = 'org.springframework.test.context.support.DelegatingSmartContextLoader', parent = [null]]]].
DEBUG - AwareContextLoaderDelegate - Retrieved ApplicationContext from cache with key [[MergedContextConfiguration@7d651733 testClass = EntityMappingIntegrationTests, locations = '{}', classes = '{class ru.egalvi.problem.config.JPAConfiguration}', contextInitializerClasses = '[]', activeProfiles = '{}', contextLoader = 'org.springframework.test.context.support.DelegatingSmartContextLoader', parent = [null]]].
DEBUG - InjectionMetadata          - Processing injected method of bean 'ru.egalvi.problem.persistance.integration.EntityMappingIntegrationTests': AutowiredFieldElement for javax.persistence.EntityManager ru.egalvi.problem.persistance.integration.EntityMappingIntegrationTests.manager
DEBUG - DefaultListableBeanFactory - Returning cached instance of singleton bean 'entityManager'
DEBUG - AwareContextLoaderDelegate - Retrieved ApplicationContext from cache with key [[MergedContextConfiguration@7d651733 testClass = EntityMappingIntegrationTests, locations = '{}', classes = '{class ru.egalvi.problem.config.JPAConfiguration}', contextInitializerClasses = '[]', activeProfiles = '{}', contextLoader = 'org.springframework.test.context.support.DelegatingSmartContextLoader', parent = [null]]].
DEBUG - TransactionAttributeSource - Adding transactional method 'disciplineMapping' with attribute: PROPAGATION_REQUIRED,ISOLATION_DEFAULT; ''
DEBUG - ionalTestExecutionListener - Explicit transaction definition [PROPAGATION_REQUIRED,ISOLATION_DEFAULT; ''] found for test context [TestContext@3f53447a testClass = EntityMappingIntegrationTests, testInstance = ru.egalvi.problem.persistance.integration.EntityMappingIntegrationTests@42f1d477, testMethod = disciplineMapping@EntityMappingIntegrationTests, testException = [null], mergedContextConfiguration = [MergedContextConfiguration@7d651733 testClass = EntityMappingIntegrationTests, locations = '{}', classes = '{class ru.egalvi.problem.config.JPAConfiguration}', contextInitializerClasses = '[]', activeProfiles = '{}', contextLoader = 'org.springframework.test.context.support.DelegatingSmartContextLoader', parent = [null]]]
DEBUG - AwareContextLoaderDelegate - Retrieved ApplicationContext from cache with key [[MergedContextConfiguration@7d651733 testClass = EntityMappingIntegrationTests, locations = '{}', classes = '{class ru.egalvi.problem.config.JPAConfiguration}', contextInitializerClasses = '[]', activeProfiles = '{}', contextLoader = 'org.springframework.test.context.support.DelegatingSmartContextLoader', parent = [null]]].
DEBUG - DefaultListableBeanFactory - Returning cached instance of singleton bean 'transactionManager'
DEBUG - JpaTransactionManager      - Creating new transaction with name [disciplineMapping]: PROPAGATION_REQUIRED,ISOLATION_DEFAULT; ''
DEBUG - SessionImpl                - Opened session at timestamp: 14108753911
DEBUG - JpaTransactionManager      - Opened new EntityManager [org.hibernate.ejb.EntityManagerImpl@12b3f2f7] for JPA transaction
DEBUG - AbstractTransactionImpl    - begin
DEBUG - LogicalConnectionImpl      - Obtaining JDBC connection
DEBUG - LogicalConnectionImpl      - Obtained JDBC connection
DEBUG - JdbcTransaction            - initial autocommit status: true
DEBUG - JdbcTransaction            - disabling autocommit
DEBUG - JpaTransactionManager      - Not exposing JPA transaction [org.hibernate.ejb.EntityManagerImpl@12b3f2f7] as JDBC transaction because JpaDialect [org.springframework.orm.jpa.DefaultJpaDialect@6b092ccf] does not support JDBC Connection retrieval
DEBUG - ionalTestExecutionListener - No method-level @Rollback override: using default rollback [true] for test context [TestContext@3f53447a testClass = EntityMappingIntegrationTests, testInstance = ru.egalvi.problem.persistance.integration.EntityMappingIntegrationTests@42f1d477, testMethod = disciplineMapping@EntityMappingIntegrationTests, testException = [null], mergedContextConfiguration = [MergedContextConfiguration@7d651733 testClass = EntityMappingIntegrationTests, locations = '{}', classes = '{class ru.egalvi.problem.config.JPAConfiguration}', contextInitializerClasses = '[]', activeProfiles = '{}', contextLoader = 'org.springframework.test.context.support.DelegatingSmartContextLoader', parent = [null]]]
INFO  - ionalTestExecutionListener - Began transaction (4): transaction manager [org.springframework.orm.jpa.JpaTransactionManager@4ae85f19]; rollback [true]
DEBUG - ionalTestExecutionListener - No method-level @Rollback override: using default rollback [true] for test context [TestContext@3f53447a testClass = EntityMappingIntegrationTests, testInstance = ru.egalvi.problem.persistance.integration.EntityMappingIntegrationTests@42f1d477, testMethod = disciplineMapping@EntityMappingIntegrationTests, testException = [null], mergedContextConfiguration = [MergedContextConfiguration@7d651733 testClass = EntityMappingIntegrationTests, locations = '{}', classes = '{class ru.egalvi.problem.config.JPAConfiguration}', contextInitializerClasses = '[]', activeProfiles = '{}', contextLoader = 'org.springframework.test.context.support.DelegatingSmartContextLoader', parent = [null]]]
DEBUG - JpaTransactionManager      - Initiating transaction rollback
DEBUG - JpaTransactionManager      - Rolling back JPA transaction on EntityManager [org.hibernate.ejb.EntityManagerImpl@12b3f2f7]
DEBUG - AbstractTransactionImpl    - rolling back
DEBUG - JdbcTransaction            - rolled JDBC Connection
DEBUG - JdbcTransaction            - re-enabling autocommit
DEBUG - JpaTransactionManager      - Closing JPA EntityManager [org.hibernate.ejb.EntityManagerImpl@12b3f2f7] after transaction
DEBUG - EntityManagerFactoryUtils  - Closing JPA EntityManager
DEBUG - LogicalConnectionImpl      - Releasing JDBC connection
DEBUG - LogicalConnectionImpl      - Released JDBC connection
INFO  - ionalTestExecutionListener - Rolled back transaction after test execution for test context [TestContext@3f53447a testClass = EntityMappingIntegrationTests, testInstance = ru.egalvi.problem.persistance.integration.EntityMappingIntegrationTests@42f1d477, testMethod = disciplineMapping@EntityMappingIntegrationTests, testException = [null], mergedContextConfiguration = [MergedContextConfiguration@7d651733 testClass = EntityMappingIntegrationTests, locations = '{}', classes = '{class ru.egalvi.problem.config.JPAConfiguration}', contextInitializerClasses = '[]', activeProfiles = '{}', contextLoader = 'org.springframework.test.context.support.DelegatingSmartContextLoader', parent = [null]]]
DEBUG - ntextTestExecutionListener - After test method: context [[TestContext@3f53447a testClass = EntityMappingIntegrationTests, testInstance = ru.egalvi.problem.persistance.integration.EntityMappingIntegrationTests@42f1d477, testMethod = disciplineMapping@EntityMappingIntegrationTests, testException = [null], mergedContextConfiguration = [MergedContextConfiguration@7d651733 testClass = EntityMappingIntegrationTests, locations = '{}', classes = '{class ru.egalvi.problem.config.JPAConfiguration}', contextInitializerClasses = '[]', activeProfiles = '{}', contextLoader = 'org.springframework.test.context.support.DelegatingSmartContextLoader', parent = [null]]]], class dirties context [false], class mode [null], method dirties context [false].
DEBUG - rvletTestExecutionListener - Resetting RequestContextHolder for test context [TestContext@3f53447a testClass = EntityMappingIntegrationTests, testInstance = ru.egalvi.problem.persistance.integration.EntityMappingIntegrationTests@42f1d477, testMethod = disciplineMapping@EntityMappingIntegrationTests, testException = [null], mergedContextConfiguration = [MergedContextConfiguration@7d651733 testClass = EntityMappingIntegrationTests, locations = '{}', classes = '{class ru.egalvi.problem.config.JPAConfiguration}', contextInitializerClasses = '[]', activeProfiles = '{}', contextLoader = 'org.springframework.test.context.support.DelegatingSmartContextLoader', parent = [null]]].
DEBUG - ntextTestExecutionListener - After test class: context [[TestContext@3f53447a testClass = EntityMappingIntegrationTests, testInstance = [null], testMethod = [null], testException = [null], mergedContextConfiguration = [MergedContextConfiguration@7d651733 testClass = EntityMappingIntegrationTests, locations = '{}', classes = '{class ru.egalvi.problem.config.JPAConfiguration}', contextInitializerClasses = '[]', activeProfiles = '{}', contextLoader = 'org.springframework.test.context.support.DelegatingSmartContextLoader', parent = [null]]]], dirtiesContext [false].
]]></system-out>
  <system-err><![CDATA[]]></system-err>
</testsuite>
